;  LST file generated by mikroListExporter - v.2.0 
; Date/Time: 27/03/2017 01:50:23 p. m.
;----------------------------------------------

;Address Opcode 	ASM
0x0000	0x0000000409A8  	GOTO	_main
0x0004	0x000000  	0
0x0006	0x000000  	0
0x0008	0x000000  	0
0x000A	0x000000  	0
0x000C	0x000000  	0
0x000E	0x000000  	0
0x0010	0x000000  	0
0x0012	0x000000  	0
0x0014	0x000000  	0
0x0016	0x000000  	0
0x0018	0x000000  	0
0x001A	0x000986  	2438
0x001C	0x000000  	0
0x001E	0x000000  	0
0x0020	0x000000  	0
0x0022	0x000000  	0
0x0024	0x000000  	0
0x0026	0x000000  	0
0x0028	0x000000  	0
0x002A	0x000000  	0
0x002C	0x000000  	0
0x002E	0x000000  	0
0x0030	0x000000  	0
0x0032	0x000000  	0
0x0034	0x000000  	0
0x0036	0x000000  	0
0x0038	0x000000  	0
0x003A	0x000000  	0
0x003C	0x000000  	0
0x003E	0x000000  	0
0x0040	0x000000  	0
0x0042	0x000000  	0
0x0044	0x000000  	0
0x0046	0x000000  	0
0x0048	0x000000  	0
0x004A	0x000000  	0
0x004C	0x000000  	0
0x004E	0x000000  	0
0x0050	0x000000  	0
0x0052	0x000000  	0
0x0054	0x000000  	0
0x0056	0x000000  	0
0x0058	0x000000  	0
0x005A	0x000000  	0
0x005C	0x000000  	0
0x005E	0x000000  	0
0x0060	0x000000  	0
0x0062	0x000000  	0
0x0064	0x000000  	0
0x0066	0x000000  	0
0x0068	0x000000  	0
0x006A	0x000000  	0
0x006C	0x000000  	0
0x006E	0x000000  	0
0x0070	0x000000  	0
0x0072	0x000000  	0
0x0074	0x000000  	0
0x0076	0x000000  	0
0x0078	0x000000  	0
0x007A	0x000000  	0
0x007C	0x000000  	0
0x007E	0x000000  	0
0x0080	0x000000  	0
0x0082	0x000000  	0
0x0084	0x000000  	0
0x0086	0x000000  	0
0x0088	0x000000  	0
0x008A	0x000000  	0
0x008C	0x000000  	0
0x008E	0x000000  	0
0x0090	0x000000  	0
0x0092	0x000000  	0
0x0094	0x000000  	0
0x0096	0x000000  	0
0x0098	0x000000  	0
0x009A	0x000000  	0
0x009C	0x000000  	0
0x009E	0x000000  	0
0x00A0	0x000000  	0
0x00A2	0x000000  	0
0x00A4	0x000000  	0
0x00A6	0x000000  	0
0x00A8	0x000000  	0
0x00AA	0x000000  	0
0x00AC	0x000000  	0
0x00AE	0x000000  	0
0x00B0	0x000000  	0
0x00B2	0x000000  	0
0x00B4	0x000000  	0
0x00B6	0x000000  	0
0x00B8	0x000000  	0
0x00BA	0x000000  	0
0x00BC	0x000000  	0
0x00BE	0x000000  	0
0x00C0	0x000000  	0
0x00C2	0x000000  	0
0x00C4	0x000000  	0
0x00C6	0x000000  	0
0x00C8	0x000000  	0
0x00CA	0x000000  	0
0x00CC	0x000000  	0
0x00CE	0x000000  	0
0x00D0	0x000000  	0
0x00D2	0x000000  	0
0x00D4	0x000000  	0
0x00D6	0x000000  	0
0x00D8	0x000000  	0
0x00DA	0x000000  	0
0x00DC	0x000000  	0
0x00DE	0x000000  	0
0x00E0	0x000000  	0
0x00E2	0x000000  	0
0x00E4	0x000000  	0
0x00E6	0x000000  	0
0x00E8	0x000000  	0
0x00EA	0x000000  	0
0x00EC	0x000000  	0
0x00EE	0x000000  	0
0x00F0	0x000000  	0
0x00F2	0x000000  	0
0x00F4	0x000000  	0
0x00F6	0x000000  	0
0x00F8	0x000000  	0
0x00FA	0x000000  	0
0x00FC	0x000000  	0
0x00FE	0x000000  	0
0x0100	0x000000  	0
0x0102	0x000000  	0
0x0104	0x000000  	0
0x0106	0x000000  	0
0x0108	0x000000  	0
0x010A	0x000000  	0
0x010C	0x000000  	0
0x010E	0x000000  	0
0x0110	0x000000  	0
0x0112	0x000000  	0
0x0114	0x000000  	0
0x0116	0x000000  	0
0x0118	0x000000  	0
0x011A	0x000000  	0
0x011C	0x000000  	0
0x011E	0x000000  	0
0x0120	0x000000  	0
0x0122	0x000000  	0
0x0124	0x000000  	0
0x0126	0x000000  	0
0x0128	0x000000  	0
0x012A	0x000000  	0
0x012C	0x000000  	0
0x012E	0x000000  	0
0x0130	0x000000  	0
0x0132	0x000000  	0
0x0134	0x000000  	0
0x0136	0x000000  	0
0x0138	0x000000  	0
0x013A	0x000000  	0
0x013C	0x000000  	0
0x013E	0x000000  	0
0x0140	0x000000  	0
0x0142	0x000000  	0
0x0144	0x000000  	0
0x0146	0x000000  	0
0x0148	0x000000  	0
0x014A	0x000000  	0
0x014C	0x000000  	0
0x014E	0x000000  	0
0x0150	0x000000  	0
0x0152	0x000000  	0
0x0154	0x000000  	0
0x0156	0x000000  	0
0x0158	0x000000  	0
0x015A	0x000000  	0
0x015C	0x000000  	0
0x015E	0x000000  	0
0x0160	0x000000  	0
0x0162	0x000000  	0
0x0164	0x000000  	0
0x0166	0x000000  	0
0x0168	0x000000  	0
0x016A	0x000000  	0
0x016C	0x000000  	0
0x016E	0x000000  	0
0x0170	0x000000  	0
0x0172	0x000000  	0
0x0174	0x000000  	0
0x0176	0x000000  	0
0x0178	0x000000  	0
0x017A	0x000000  	0
0x017C	0x000000  	0
0x017E	0x000000  	0
0x0180	0x000000  	0
0x0182	0x000000  	0
0x0184	0x000000  	0
0x0186	0x000000  	0
0x0188	0x000000  	0
0x018A	0x000000  	0
0x018C	0x000000  	0
0x018E	0x000000  	0
0x0190	0x000000  	0
0x0192	0x000000  	0
0x0194	0x000000  	0
0x0196	0x000000  	0
0x0198	0x000000  	0
0x019A	0x000000  	0
0x019C	0x000000  	0
0x019E	0x000000  	0
0x01A0	0x000000  	0
0x01A2	0x000000  	0
0x01A4	0x000000  	0
0x01A6	0x000000  	0
0x01A8	0x000000  	0
0x01AA	0x000000  	0
0x01AC	0x000000  	0
0x01AE	0x000000  	0
0x01B0	0x000000  	0
0x01B2	0x000000  	0
0x01B4	0x000000  	0
0x01B6	0x000000  	0
0x01B8	0x000000  	0
0x01BA	0x000000  	0
0x01BC	0x000000  	0
0x01BE	0x000000  	0
0x01C0	0x000000  	0
0x01C2	0x000000  	0
0x01C4	0x000000  	0
0x01C6	0x000000  	0
0x01C8	0x000000  	0
0x01CA	0x000000  	0
0x01CC	0x000000  	0
0x01CE	0x000000  	0
0x01D0	0x000000  	0
0x01D2	0x000000  	0
0x01D4	0x000000  	0
0x01D6	0x000000  	0
0x01D8	0x000000  	0
0x01DA	0x000000  	0
0x01DC	0x000000  	0
0x01DE	0x000000  	0
0x01E0	0x000000  	0
0x01E2	0x000000  	0
0x01E4	0x000000  	0
0x01E6	0x000000  	0
0x01E8	0x000000  	0
0x01EA	0x000000  	0
0x01EC	0x000000  	0
0x01EE	0x000000  	0
0x01F0	0x000000  	0
0x01F2	0x000000  	0
0x01F4	0x000000  	0
0x01F6	0x000000  	0
0x01F8	0x000000  	0
0x01FA	0x000000  	0
0x01FC	0x000000  	0
0x01FE	0x000000  	0
_main:
0x09A8	0x20816F  	MOV	#2070, W15
0x09AA	0x20FFF0  	MOV	#4095, W0
0x09AC	0xB7A020  	MOV	WREG, SPLIM
0x09AE	0x200000  	MOV	#0, W0
0x09B0	0xB7A034  	MOV	WREG, PSVPAG
0x09B2	0x200040  	MOV	#4, W0
0x09B4	0xB72044  	IOR	CORCON
0x09B6	0x000000020AAA  	CALL	2730
;SenoDSPIC.c,68 :: 		void main() {
;SenoDSPIC.c,73 :: 		TRISA.F0 = 1;     //pin RA0 como entrada
0x09BA	0x781F8A  	PUSH	W10
0x09BC	0x781F8B  	PUSH	W11
0x09BE	0x781F8C  	PUSH	W12
0x09C0	0x781F8D  	PUSH	W13
0x09C2	0xA802C0  	BSET	TRISA, #0
;SenoDSPIC.c,74 :: 		TRISB.F15 = 1;
0x09C4	0xA8E2C9  	BSET	TRISB, #15
;SenoDSPIC.c,76 :: 		TRISB.F14 = 0;   //RB14 como salida
0x09C6	0xA9C2C9  	BCLR	TRISB, #14
;SenoDSPIC.c,80 :: 		RPOR5 = 0x0708;
0x09C8	0x207080  	MOV	#1800, W0
0x09CA	0xB7A6CA  	MOV	WREG, RPOR5
;SenoDSPIC.c,82 :: 		loadPinDir = 0;                           // LOAD pin
0x09CC	0xA9A2C9  	BCLR	TRISB13_bit, BitPos(TRISB13_bit+0)
;SenoDSPIC.c,83 :: 		csPinDir   = 0;                           // CS pin
0x09CE	0xA982C9  	BCLR	TRISB12_bit, BitPos(TRISB12_bit+0)
;SenoDSPIC.c,84 :: 		csPin    = 1;                             // Set CS to inactive
0x09D0	0xA882CD  	BSET	LATB12_bit, BitPos(LATB12_bit+0)
;SenoDSPIC.c,85 :: 		loadPin  = 1;                             // Set LOAD to inactive
0x09D2	0xA8A2CD  	BSET	LATB13_bit, BitPos(LATB13_bit+0)
;SenoDSPIC.c,88 :: 		SPI1_Init_Advanced(_SPI_MASTER, _SPI_16_BIT,_SPI_PRESCALE_SEC_1, _SPI_PRESCALE_PRI_1,
0x09D4	0x20003D  	MOV	#3, W13
0x09D6	0x2001CC  	MOV	#28, W12
0x09D8	0x20400B  	MOV	#1024, W11
0x09DA	0x20020A  	MOV	#32, W10
;SenoDSPIC.c,90 :: 		_SPI_ACTIVE_2_IDLE);
0x09DC	0xEF2000  	CLR	W0
0x09DE	0x781F80  	PUSH	W0
;SenoDSPIC.c,89 :: 		_SPI_SS_DISABLE, _SPI_DATA_SAMPLE_MIDDLE, _SPI_CLK_IDLE_HIGH,
0x09E0	0x200400  	MOV	#64, W0
0x09E2	0x781F80  	PUSH	W0
0x09E4	0xEF2000  	CLR	W0
0x09E6	0x781F80  	PUSH	W0
0x09E8	0xEF2000  	CLR	W0
0x09EA	0x781F80  	PUSH	W0
;SenoDSPIC.c,90 :: 		_SPI_ACTIVE_2_IDLE);
0x09EC	0x07FEEF  	RCALL	_SPI1_Init_Advanced
0x09EE	0xB1008F  	SUB	#8, W15
;SenoDSPIC.c,92 :: 		config_timer();
0x09F0	0x07FF08  	RCALL	_config_timer
;SenoDSPIC.c,94 :: 		TRISB.F15 = 0;
0x09F2	0xA9E2C9  	BCLR	TRISB, #15
;SenoDSPIC.c,95 :: 		LATB.F15 = 0;
0x09F4	0xA9E2CD  	BCLR	LATB, #15
;SenoDSPIC.c,96 :: 		LATB.F14 =1;
0x09F6	0xA8C2CD  	BSET	LATB, #14
;SenoDSPIC.c,99 :: 		frecuenciadigital=frecuencia/frecuenciamuestreo;
0x09F8	0x804002  	MOV	_frecuenciamuestreo, W2
0x09FA	0x804013  	MOV	_frecuenciamuestreo+2, W3
0x09FC	0x804030  	MOV	_frecuencia, W0
0x09FE	0x804041  	MOV	_frecuencia+2, W1
0x0A00	0x07FD91  	RCALL	__Div_FP
0x0A02	0x884050  	MOV	W0, _frecuenciadigital
0x0A04	0x884061  	MOV	W1, _frecuenciadigital+2
;SenoDSPIC.c,102 :: 		for(;;){
L_main0:
;SenoDSPIC.c,103 :: 		if( bandera == 1){
0x0A06	0x208050  	MOV	#lo_addr(_bandera), W0
0x0A08	0x784010  	MOV.B	[W0], W0
0x0A0A	0xE10461  	CP.B	W0, #1
0x0A0C	0x3A0031  	BRA NZ	L_main3
L__main10:
;SenoDSPIC.c,105 :: 		bandera = 0;
0x0A0E	0x208051  	MOV	#lo_addr(_bandera), W1
0x0A10	0xEF2000  	CLR	W0
0x0A12	0x784880  	MOV.B	W0, [W1]
;SenoDSPIC.c,107 :: 		y=floor((1*sin(2*3.1416*muestra*frecuenciadigital))*2048 + 2048);  // calculo seno digital de 12 bits  // calculo sino digital de 12 bits;  // calculo sino digital de 12 bits
0x0A14	0x8040A0  	MOV	_muestra, W0
0x0A16	0xDE80CF  	ASR	W0, #15, W1
0x0A18	0xEB8100  	SETM	W2
0x0A1A	0x07FE78  	RCALL	__Long2Float
0x0A1C	0x20FF92  	MOV	#4089, W2
0x0A1E	0x240C93  	MOV	#16585, W3
0x0A20	0x07FBEF  	RCALL	__Mul_FP
0x0A22	0x804052  	MOV	_frecuenciadigital, W2
0x0A24	0x804063  	MOV	_frecuenciadigital+2, W3
0x0A26	0x07FBEC  	RCALL	__Mul_FP
0x0A28	0xBE0500  	MOV.D	W0, W10
0x0A2A	0x07FEF5  	RCALL	_sin
0x0A2C	0x200002  	MOV	#0, W2
0x0A2E	0x245003  	MOV	#17664, W3
0x0A30	0x07FBE7  	RCALL	__Mul_FP
0x0A32	0x200002  	MOV	#0, W2
0x0A34	0x245003  	MOV	#17664, W3
0x0A36	0x07FC71  	RCALL	__AddSub_FP
0x0A38	0xBE0500  	MOV.D	W0, W10
0x0A3A	0x07FF6E  	RCALL	_floor
0x0A3C	0x07FE2B  	RCALL	__Float2Longint
0x0A3E	0x884090  	MOV	W0, _y
;SenoDSPIC.c,109 :: 		muestra++;
0x0A40	0x200011  	MOV	#1, W1
0x0A42	0x208140  	MOV	#lo_addr(_muestra), W0
0x0A44	0x408810  	ADD	W1, [W0], [W0]
;SenoDSPIC.c,111 :: 		if( indice == 69)    {
0x0A46	0x208040  	MOV	#lo_addr(_indice), W0
0x0A48	0x784090  	MOV.B	[W0], W1
0x0A4A	0xB3C450  	MOV.B	#69, W0
0x0A4C	0xE10C00  	CP.B	W1, W0
0x0A4E	0x3A0003  	BRA NZ	L_main4
L__main11:
;SenoDSPIC.c,113 :: 		indice = 0;
0x0A50	0x208041  	MOV	#lo_addr(_indice), W1
0x0A52	0xEF2000  	CLR	W0
0x0A54	0x784880  	MOV.B	W0, [W1]
;SenoDSPIC.c,114 :: 		}
L_main4:
;SenoDSPIC.c,119 :: 		csPin = 0;                                // CS enable for DAC
0x0A56	0xA982CD  	BCLR	LATB12_bit, BitPos(LATB12_bit+0)
;SenoDSPIC.c,120 :: 		SPI1_Write(0x3000 | y);
0x0A58	0x230001  	MOV	#12288, W1
0x0A5A	0x208120  	MOV	#lo_addr(_y), W0
0x0A5C	0x708010  	IOR	W1, [W0], W0
0x0A5E	0x780500  	MOV	W0, W10
0x0A60	0x07FECC  	RCALL	_SPI1_Write
;SenoDSPIC.c,121 :: 		loadPin  = 0;                             // Load data in DAC
0x0A62	0xA9A2CD  	BCLR	LATB13_bit, BitPos(LATB13_bit+0)
;SenoDSPIC.c,122 :: 		delay_us(2);
0x0A64	0x200037  	MOV	#3, W7
L_main5:
0x0A66	0xED200E  	DEC	W7
0x0A68	0x3AFFFE  	BRA NZ	L_main5
0x0A6A	0x000000  	NOP
;SenoDSPIC.c,123 :: 		loadPin  = 1;
0x0A6C	0xA8A2CD  	BSET	LATB13_bit, BitPos(LATB13_bit+0)
;SenoDSPIC.c,124 :: 		csPin    = 1;                             // CS disable for DAC
0x0A6E	0xA882CD  	BSET	LATB12_bit, BitPos(LATB12_bit+0)
;SenoDSPIC.c,127 :: 		}
L_main3:
;SenoDSPIC.c,129 :: 		}
0x0A70	0x37FFCA  	BRA	L_main0
;SenoDSPIC.c,130 :: 		}
L_end_main:
0x0A72	0x7806CF  	POP	W13
0x0A74	0x78064F  	POP	W12
0x0A76	0x7805CF  	POP	W11
0x0A78	0x78054F  	POP	W10
L__main_end_loop:
0x0A7A	0x37FFFF  	BRA	L__main_end_loop
; end of _main
_SPI1_Init_Advanced:
0x07CC	0xFA0000  	LNK	#0
;__Lib_SPI_1.c,155 :: 		
; slave_select start address is: 2 (W1)
0x07CE	0x97B8CE  	MOV	[W14-8], W1
; data_sample start address is: 8 (W4)
0x07D0	0x97BA3E  	MOV	[W14-10], W4
; clock_idle start address is: 4 (W2)
0x07D2	0x97B92E  	MOV	[W14-12], W2
; edge start address is: 6 (W3)
0x07D4	0x97B99E  	MOV	[W14-14], W3
;__Lib_SPI_1.c,158 :: 		
0x07D6	0xEF2240  	CLR	SPI1STAT
;__Lib_SPI_1.c,159 :: 		
0x07D8	0xEF2242  	CLR	SPI1CON
;__Lib_SPI_1.c,161 :: 		
0x07DA	0x2050C0  	MOV	#lo_addr(_SPI1_Read), W0
0x07DC	0x884080  	MOV	W0, _SPI_Rd_Ptr
;__Lib_SPI_1.c,162 :: 		
0x07DE	0x207FA0  	MOV	#lo_addr(_SPI1_Write), W0
0x07E0	0x884070  	MOV	W0, _SPI_Wr_Ptr
;__Lib_SPI_1.c,164 :: 		
0x07E2	0x75000B  	IOR	W10, W11, W0
0x07E4	0x70000C  	IOR	W0, W12, W0
0x07E6	0x70000D  	IOR	W0, W13, W0
0x07E8	0x700001  	IOR	W0, W1, W0
; slave_select end address is: 2 (W1)
0x07EA	0x700004  	IOR	W0, W4, W0
; data_sample end address is: 8 (W4)
;__Lib_SPI_1.c,165 :: 		
0x07EC	0x700082  	IOR	W0, W2, W1
; clock_idle end address is: 4 (W2)
0x07EE	0x202420  	MOV	#lo_addr(SPI1CON), W0
0x07F0	0x708803  	IOR	W1, W3, [W0]
; edge end address is: 6 (W3)
;__Lib_SPI_1.c,167 :: 		
0x07F2	0xA9C240  	BCLR	SPI1STAT, #6
;__Lib_SPI_1.c,168 :: 		
0x07F4	0xA8E241  	BSET	SPI1STAT, #15
;__Lib_SPI_1.c,170 :: 		
L_end_SPI1_Init_Advanced:
0x07F6	0xFA8000  	ULNK
0x07F8	0x060000  	RETURN
; end of _SPI1_Init_Advanced
_config_timer:
;SenoDSPIC.c,47 :: 		void config_timer(){
;SenoDSPIC.c,48 :: 		T1CON	 = 0x8000;
0x0802	0x280000  	MOV	#32768, W0
0x0804	0xB7A104  	MOV	WREG, T1CON
;SenoDSPIC.c,49 :: 		T1IE_bit	 = 1;
0x0806	0xA86094  	BSET	T1IE_bit, BitPos(T1IE_bit+0)
;SenoDSPIC.c,50 :: 		T1IF_bit	 = 0;
0x0808	0xA96084  	BCLR	T1IF_bit, BitPos(T1IF_bit+0)
;SenoDSPIC.c,51 :: 		IPC0		 = IPC0 | 0x1000;
0x080A	0x210001  	MOV	#4096, W1
0x080C	0x200A40  	MOV	#lo_addr(IPC0), W0
0x080E	0x708810  	IOR	W1, [W0], [W0]
;SenoDSPIC.c,52 :: 		PR1		 = 400;
0x0810	0x201900  	MOV	#400, W0
0x0812	0xB7A102  	MOV	WREG, PR1
;SenoDSPIC.c,53 :: 		}
L_end_config_timer:
0x0814	0x060000  	RETURN
; end of _config_timer
_floor:
0x0918	0xFA0000  	LNK	#0
;__Lib_CMath.c,39 :: 		
;__Lib_CMath.c,43 :: 		
0x091A	0xDE58C7  	LSR	W11, #7, W1
0x091C	0xEB0100  	CLR	W2
0x091E	0x200FF0  	MOV	#255, W0
0x0920	0x608080  	AND	W1, W0, W1
;__Lib_CMath.c,44 :: 		
0x0922	0x2007F0  	MOV	#127, W0
0x0924	0x508000  	SUB	W1, W0, W0
; expon start address is: 2 (W1)
0x0926	0x780080  	MOV	W0, W1
;__Lib_CMath.c,45 :: 		
0x0928	0xE10060  	CP	W0, #0
0x092A	0x3D0010  	BRA GE	L_floor1
L__floor75:
; expon end address is: 2 (W1)
;__Lib_CMath.c,46 :: 		
0x092C	0xEF2004  	CLR	W2
0x092E	0xEF2006  	CLR	W3
0x0930	0xBE000A  	MOV.D	W10, W0
0x0932	0x07FDE7  	RCALL	__Compare_Le_Fp
0x0934	0xE00000  	CP0	W0
0x0936	0xEF6000  	CLR.B	W0
0x0938	0x3D0001  	BRA GE	L__floor76
0x093A	0xEC6000  	INC.B	W0
L__floor76:
0x093C	0xE24000  	CP0.B	W0
0x093E	0x320003  	BRA Z	L_floor2
L__floor77:
;__Lib_CMath.c,47 :: 		
0x0940	0x200000  	MOV	#0, W0
0x0942	0x2BF801  	MOV	#49024, W1
0x0944	0x37001E  	BRA	L_end_floor
L_floor2:
;__Lib_CMath.c,49 :: 		
0x0946	0xEF2000  	CLR	W0
0x0948	0xEF2002  	CLR	W1
0x094A	0x37001B  	BRA	L_end_floor
L_floor1:
;__Lib_CMath.c,50 :: 		
; expon start address is: 2 (W1)
0x094C	0xE10878  	CP	W1, #24
0x094E	0x360002  	BRA LEU	L_floor4
L__floor78:
; expon end address is: 2 (W1)
;__Lib_CMath.c,51 :: 		
0x0950	0xBE000A  	MOV.D	W10, W0
0x0952	0x370017  	BRA	L_end_floor
L_floor4:
;__Lib_CMath.c,52 :: 		
0x0954	0xBE9F8A  	PUSH.D	W10
0x0956	0xBE000A  	MOV.D	W10, W0
0x0958	0x07FE9D  	RCALL	__Float2Longint
0x095A	0xEB8100  	SETM	W2
0x095C	0x07FED7  	RCALL	__Long2Float
0x095E	0xBE054F  	POP.D	W10
; i start address is: 8 (W4)
0x0960	0xBE0200  	MOV.D	W0, W4
;__Lib_CMath.c,54 :: 		
0x0962	0xBE9F84  	PUSH.D	W4
0x0964	0xBE010A  	MOV.D	W10, W2
0x0966	0x07FF2D  	RCALL	__Compare_Ge_Fp
0x0968	0xE00000  	CP0	W0
0x096A	0xEF6000  	CLR.B	W0
0x096C	0x340001  	BRA LE	L__floor79
0x096E	0xEC6000  	INC.B	W0
L__floor79:
0x0970	0xBE024F  	POP.D	W4
0x0972	0xE24000  	CP0.B	W0
0x0974	0x320005  	BRA Z	L_floor5
L__floor80:
;__Lib_CMath.c,55 :: 		
0x0976	0x200002  	MOV	#0, W2
0x0978	0x23F803  	MOV	#16256, W3
0x097A	0xBE0004  	MOV.D	W4, W0
0x097C	0x07FDBD  	RCALL	__Sub_FP
; i end address is: 8 (W4)
0x097E	0x370001  	BRA	L_end_floor
L_floor5:
;__Lib_CMath.c,56 :: 		
; i start address is: 8 (W4)
0x0980	0xBE0004  	MOV.D	W4, W0
; i end address is: 8 (W4)
;__Lib_CMath.c,57 :: 		
L_end_floor:
0x0982	0xFA8000  	ULNK
0x0984	0x060000  	RETURN
; end of _floor
__Float2Longint:
0x0694	0xFA0000  	LNK	#0
;__Lib_MathDouble.c,479 :: 		
;__Lib_MathDouble.c,481 :: 		
0x0696	0x070002  	RCALL	Float2Longint__fixsfsi
;__Lib_MathDouble.c,482 :: 		
0x0698	0x000000040708  	GOTO	the_end__Float2Longint
;__Lib_MathDouble.c,486 :: 		
Float2Longint__fixsfsi:
;__Lib_MathDouble.c,487 :: 		
0x069C	0xBE8100  	MOV.D	W0, W2
;__Lib_MathDouble.c,488 :: 		
0x069E	0x07001F  	RCALL	Float2Longint__funpack
;__Lib_MathDouble.c,489 :: 		
0x06A0	0xA77004  	BTSC	W4, #7
;__Lib_MathDouble.c,490 :: 		
0x06A2	0xA1F003  	BCLR	W3, #15
;__Lib_MathDouble.c,491 :: 		
0x06A4	0xB10965  	SUB	#150, W5
;__Lib_MathDouble.c,492 :: 		
0x06A6	0x320016  	BRA Z	Float2Longint_setsign
;__Lib_MathDouble.c,493 :: 		
0x06A8	0x35000D  	BRA LT	Float2Longint_shiftright
;__Lib_MathDouble.c,494 :: 		
0x06AA	0xE12868  	CP	W5, #8
;__Lib_MathDouble.c,495 :: 		
0x06AC	0x350006  	BRA LT	Float2Longint_shiftleft
;__Lib_MathDouble.c,496 :: 		
0x06AE	0x2FFFF0  	MOV	#65535, W0
;__Lib_MathDouble.c,497 :: 		
0x06B0	0x27FFF1  	MOV	#32767, W1
;__Lib_MathDouble.c,498 :: 		
0x06B2	0xE20006  	CP0	W3
;__Lib_MathDouble.c,499 :: 		
0x06B4	0x3B0013  	BRA NN	Float2Longint_exit
;__Lib_MathDouble.c,500 :: 		
0x06B6	0x280001  	MOV	#32768, W1
;__Lib_MathDouble.c,501 :: 		
0x06B8	0x050000  	RETLW	#0, W0
;__Lib_MathDouble.c,502 :: 		
Float2Longint_shiftleft:
;__Lib_MathDouble.c,503 :: 		
0x06BA	0x400000  	ADD	W0, W0, W0
;__Lib_MathDouble.c,504 :: 		
0x06BC	0x488081  	ADDC	W1, W1, W1
;__Lib_MathDouble.c,505 :: 		
0x06BE	0xE90285  	DEC	W5, W5
;__Lib_MathDouble.c,506 :: 		
0x06C0	0x3AFFFC  	BRA NZ	Float2Longint_shiftleft
;__Lib_MathDouble.c,507 :: 		
0x06C2	0x370008  	BRA	Float2Longint_setsign
;__Lib_MathDouble.c,508 :: 		
Float2Longint_shiftright:
;__Lib_MathDouble.c,509 :: 		
0x06C4	0x428FF8  	ADD	W5, #24, [W15]
;__Lib_MathDouble.c,510 :: 		
0x06C6	0x3C0002  	BRA GT	Float2Longint_shiftrightloop
;__Lib_MathDouble.c,511 :: 		
0x06C8	0xEB0080  	CLR	W1
;__Lib_MathDouble.c,512 :: 		
0x06CA	0x050000  	RETLW	#0, W0
;__Lib_MathDouble.c,513 :: 		
Float2Longint_shiftrightloop:
;__Lib_MathDouble.c,514 :: 		
0x06CC	0xD10081  	LSR	W1, W1
;__Lib_MathDouble.c,515 :: 		
0x06CE	0xD38000  	RRC	W0, W0
;__Lib_MathDouble.c,516 :: 		
0x06D0	0xE80285  	INC	W5, W5
;__Lib_MathDouble.c,517 :: 		
0x06D2	0x3AFFFC  	BRA NZ	Float2Longint_shiftrightloop
;__Lib_MathDouble.c,518 :: 		
Float2Longint_setsign:
;__Lib_MathDouble.c,519 :: 		
0x06D4	0xE20006  	CP0	W3
;__Lib_MathDouble.c,520 :: 		
0x06D6	0x3B0002  	BRA NN	Float2Longint_exit
;__Lib_MathDouble.c,521 :: 		
0x06D8	0x100060  	SUBR	W0, #0, W0
;__Lib_MathDouble.c,522 :: 		
0x06DA	0x1880E0  	SUBBR	W1, #0, W1
;__Lib_MathDouble.c,523 :: 		
Float2Longint_exit:
;__Lib_MathDouble.c,524 :: 		
0x06DC	0x060000  	RETURN
;__Lib_MathDouble.c,525 :: 		
Float2Longint__funpack:
;__Lib_MathDouble.c,526 :: 		
0x06DE	0xDE0AC7  	LSR	W1, #7, W5
;__Lib_MathDouble.c,527 :: 		
0x06E0	0xB207F1  	AND	#127, W1
;__Lib_MathDouble.c,528 :: 		
0x06E2	0xB20FF5  	AND	#255, W5
;__Lib_MathDouble.c,529 :: 		
0x06E4	0x320008  	BRA Z	Float2Longint_zeroorsub
;__Lib_MathDouble.c,530 :: 		
0x06E6	0x42CFE1  	ADD.B	W5, #1, [W15]
;__Lib_MathDouble.c,531 :: 		
0x06E8	0x320002  	BRA Z	Float2Longint_nanorinf
;__Lib_MathDouble.c,532 :: 		
Float2Longint_finitereturn:
;__Lib_MathDouble.c,533 :: 		
0x06EA	0xA8E002  	BSET	W1, #7
;__Lib_MathDouble.c,534 :: 		
0x06EC	0x050024  	RETLW	#2, W4
;__Lib_MathDouble.c,535 :: 		
Float2Longint_nanorinf:
;__Lib_MathDouble.c,536 :: 		
0x06EE	0x700F81  	IOR	W0, W1, [W15]
;__Lib_MathDouble.c,537 :: 		
0x06F0	0x320001  	BRA Z	Float2Longint_infinite
;__Lib_MathDouble.c,538 :: 		
0x06F2	0x050804  	RETLW	#128, W4
;__Lib_MathDouble.c,539 :: 		
Float2Longint_infinite:
;__Lib_MathDouble.c,540 :: 		
0x06F4	0x050044  	RETLW	#4, W4
;__Lib_MathDouble.c,541 :: 		
Float2Longint_zeroorsub:
;__Lib_MathDouble.c,542 :: 		
0x06F6	0x700F81  	IOR	W0, W1, [W15]
;__Lib_MathDouble.c,543 :: 		
0x06F8	0x3A0002  	BRA NZ	Float2Longint_subnormal
;__Lib_MathDouble.c,544 :: 		
0x06FA	0x050014  	RETLW	#1, W4
;__Lib_MathDouble.c,545 :: 		
Float2Longint_normalize:
;__Lib_MathDouble.c,546 :: 		
0x06FC	0xE90285  	DEC	W5, W5
;__Lib_MathDouble.c,547 :: 		
Float2Longint_subnormal:
;__Lib_MathDouble.c,548 :: 		
0x06FE	0x400000  	ADD	W0, W0, W0
;__Lib_MathDouble.c,549 :: 		
0x0700	0x48C081  	ADDC.B	W1, W1, W1
;__Lib_MathDouble.c,550 :: 		
0x0702	0x3BFFFC  	BRA NN	Float2Longint_normalize
;__Lib_MathDouble.c,551 :: 		
0x0704	0xA8E002  	BSET	W1, #7
;__Lib_MathDouble.c,552 :: 		
0x0706	0x050024  	RETLW	#2, W4
;__Lib_MathDouble.c,555 :: 		
the_end__Float2Longint:
;__Lib_MathDouble.c,557 :: 		
L_end__Float2Longint:
0x0708	0xFA8000  	ULNK
0x070A	0x060000  	RETURN
; end of __Float2Longint
__Long2Float:
0x070C	0xFA0000  	LNK	#0
;__Lib_MathDouble.c,104 :: 		
;__Lib_MathDouble.c,106 :: 		
0x070E	0x070002  	RCALL	LL_intro_Long2Float
;__Lib_MathDouble.c,107 :: 		
0x0710	0x0000000407BE  	GOTO	the_end__Long2Float
;__Lib_MathDouble.c,109 :: 		
LL_intro_Long2Float:
;__Lib_MathDouble.c,110 :: 		
0x0714	0xE20004  	CP0	W2
;__Lib_MathDouble.c,111 :: 		
0x0716	0x3A0006  	BRA NZ	Longint2Float__floatsisf
;__Lib_MathDouble.c,113 :: 		
Longword2Float__floatuisf:
;__Lib_MathDouble.c,114 :: 		
0x0718	0xEB0500  	CLR	W10
;__Lib_MathDouble.c,115 :: 		
0x071A	0xE20002  	CP0	W1
;__Lib_MathDouble.c,116 :: 		
0x071C	0x3E000F  	BRA GTU	Long2Float_notspecial
;__Lib_MathDouble.c,117 :: 		
0x071E	0xE20000  	CP0	W0
;__Lib_MathDouble.c,118 :: 		
0x0720	0x320027  	BRA Z	Long2Float_return0
;__Lib_MathDouble.c,119 :: 		
0x0722	0x37000C  	BRA	Long2Float_notspecial
;__Lib_MathDouble.c,121 :: 		
Longint2Float__floatsisf:
;__Lib_MathDouble.c,122 :: 		
0x0724	0x8800A1  	MOV	W1, W10
;__Lib_MathDouble.c,123 :: 		
0x0726	0xE20002  	CP0	W1
;__Lib_MathDouble.c,124 :: 		
0x0728	0x350004  	BRA LT	Longint2Float_negative
;__Lib_MathDouble.c,125 :: 		
0x072A	0x3C0008  	BRA GT	Long2Float_notspecial
;__Lib_MathDouble.c,126 :: 		
0x072C	0xE20000  	CP0	W0
;__Lib_MathDouble.c,127 :: 		
0x072E	0x320020  	BRA Z	Long2Float_return0
;__Lib_MathDouble.c,128 :: 		
0x0730	0x370005  	BRA	Long2Float_notspecial
;__Lib_MathDouble.c,129 :: 		
Longint2Float_negative:
;__Lib_MathDouble.c,130 :: 		
0x0732	0x100060  	SUBR	W0, #0, W0
;__Lib_MathDouble.c,131 :: 		
0x0734	0x1880E0  	SUBBR	W1, #0, W1
;__Lib_MathDouble.c,132 :: 		
0x0736	0x3B0002  	BRA NN	Long2Float_notspecial
;__Lib_MathDouble.c,133 :: 		
0x0738	0x2CF001  	MOV	#52992, W1
;__Lib_MathDouble.c,134 :: 		
0x073A	0x37001A  	BRA	Long2Float_return0
;__Lib_MathDouble.c,136 :: 		
Long2Float_notspecial:
;__Lib_MathDouble.c,137 :: 		
0x073C	0xBE8400  	MOV.D	W0, W8
;__Lib_MathDouble.c,138 :: 		
0x073E	0xB81160  	MUL.UU	W2, #0, W2
;__Lib_MathDouble.c,139 :: 		
0x0740	0x20096B  	MOV	#150, W11
;__Lib_MathDouble.c,140 :: 		
0x0742	0xCF8209  	FF1L	W9, W4
;__Lib_MathDouble.c,141 :: 		
0x0744	0x390002  	BRA NC	Long2Float_fixshift
;__Lib_MathDouble.c,142 :: 		
0x0746	0xCF8208  	FF1L	W8, W4
;__Lib_MathDouble.c,143 :: 		
0x0748	0xB04104  	ADD.B	#16, W4
;__Lib_MathDouble.c,144 :: 		
Long2Float_fixshift:
;__Lib_MathDouble.c,145 :: 		
0x074A	0x524269  	SUB.B	W4, #9, W4
;__Lib_MathDouble.c,146 :: 		
0x074C	0x32000E  	BRA Z	Long2Float_round
;__Lib_MathDouble.c,147 :: 		
0x074E	0x3B0008  	BRA NN	Long2Float_shiftleft
;__Lib_MathDouble.c,148 :: 		
Long2Float_shiftright:
;__Lib_MathDouble.c,149 :: 		
0x0750	0x718182  	IOR	W3, W2, W3
;__Lib_MathDouble.c,150 :: 		
0x0752	0x640161  	AND	W8, #1, W2
;__Lib_MathDouble.c,151 :: 		
0x0754	0xD10489  	LSR	W9, W9
;__Lib_MathDouble.c,152 :: 		
0x0756	0xD38408  	RRC	W8, W8
;__Lib_MathDouble.c,153 :: 		
0x0758	0xE8058B  	INC	W11, W11
;__Lib_MathDouble.c,154 :: 		
0x075A	0xE84204  	INC.B	W4, W4
;__Lib_MathDouble.c,155 :: 		
0x075C	0x3AFFF9  	BRA NZ	Long2Float_shiftright
;__Lib_MathDouble.c,156 :: 		
0x075E	0x370005  	BRA	Long2Float_round
;__Lib_MathDouble.c,157 :: 		
Long2Float_shiftleft:
;__Lib_MathDouble.c,158 :: 		
0x0760	0x440408  	ADD	W8, W8, W8
;__Lib_MathDouble.c,159 :: 		
0x0762	0x4C8489  	ADDC	W9, W9, W9
;__Lib_MathDouble.c,160 :: 		
0x0764	0xE9058B  	DEC	W11, W11
;__Lib_MathDouble.c,161 :: 		
0x0766	0xE94204  	DEC.B	W4, W4
;__Lib_MathDouble.c,162 :: 		
0x0768	0x3AFFFB  	BRA NZ	Long2Float_shiftleft
;__Lib_MathDouble.c,163 :: 		
Long2Float_round:
;__Lib_MathDouble.c,164 :: 		
0x076A	0x070003  	RCALL	Long2Float__fpack
;__Lib_MathDouble.c,165 :: 		
0x076C	0xA7F00A  	BTSC	W10, #15
;__Lib_MathDouble.c,166 :: 		
0x076E	0xA8E003  	BSET	W1, #15
;__Lib_MathDouble.c,167 :: 		
Long2Float_return0:
;__Lib_MathDouble.c,168 :: 		
0x0770	0x060000  	RETURN
;__Lib_MathDouble.c,169 :: 		
Long2Float__fpack:
;__Lib_MathDouble.c,170 :: 		
0x0772	0x200081  	MOV	#8, W1
;__Lib_MathDouble.c,171 :: 		
0x0774	0x558061  	SUB	W11, #1, W0
;__Lib_MathDouble.c,172 :: 		
0x0776	0x3D000B  	BRA GE	Long2Float_notsubnormal
;__Lib_MathDouble.c,173 :: 		
0x0778	0x20000B  	MOV	#0, W11
;__Lib_MathDouble.c,174 :: 		
0x077A	0x2FFE61  	MOV	#65510, W1
;__Lib_MathDouble.c,175 :: 		
0x077C	0xE10001  	CP	W0, W1
;__Lib_MathDouble.c,176 :: 		
0x077E	0x34001D  	BRA LE	Long2Float_zerosig
;__Lib_MathDouble.c,177 :: 		
Long2Float_subnormal:
;__Lib_MathDouble.c,178 :: 		
0x0780	0x718182  	IOR	W3, W2, W3
;__Lib_MathDouble.c,179 :: 		
0x0782	0x640161  	AND	W8, #1, W2
;__Lib_MathDouble.c,180 :: 		
0x0784	0xD10489  	LSR	W9, W9
;__Lib_MathDouble.c,181 :: 		
0x0786	0xD38408  	RRC	W8, W8
;__Lib_MathDouble.c,182 :: 		
0x0788	0xE80000  	INC	W0, W0
;__Lib_MathDouble.c,183 :: 		
0x078A	0x3AFFFA  	BRA NZ	Long2Float_subnormal
;__Lib_MathDouble.c,184 :: 		
0x078C	0x200071  	MOV	#7, W1
;__Lib_MathDouble.c,185 :: 		
Long2Float_notsubnormal:
;__Lib_MathDouble.c,186 :: 		
0x078E	0x640061  	AND	W8, #1, W0
;__Lib_MathDouble.c,187 :: 		
0x0790	0x700003  	IOR	W0, W3, W0
;__Lib_MathDouble.c,188 :: 		
0x0792	0x600002  	AND	W0, W2, W0
;__Lib_MathDouble.c,189 :: 		
0x0794	0x320009  	BRA Z	Long2Float_packupandgo
;__Lib_MathDouble.c,190 :: 		
0x0796	0x440461  	ADD	W8, #1, W8
;__Lib_MathDouble.c,191 :: 		
0x0798	0x4C84E0  	ADDC	W9, #0, W9
;__Lib_MathDouble.c,192 :: 		
0x079A	0xA58809  	BTST.Z	W9, W1
;__Lib_MathDouble.c,193 :: 		
0x079C	0x320005  	BRA Z	Long2Float_packupandgo
;__Lib_MathDouble.c,194 :: 		
0x079E	0xE8058B  	INC	W11, W11
;__Lib_MathDouble.c,195 :: 		
0x07A0	0xE10868  	CP	W1, #8
;__Lib_MathDouble.c,196 :: 		
0x07A2	0x3A0002  	BRA NZ	Long2Float_packupandgo
;__Lib_MathDouble.c,197 :: 		
0x07A4	0xD10489  	LSR	W9, W9
;__Lib_MathDouble.c,198 :: 		
0x07A6	0xD38408  	RRC	W8, W8
;__Lib_MathDouble.c,199 :: 		
Long2Float_packupandgo:
;__Lib_MathDouble.c,200 :: 		
0x07A8	0x200FF2  	MOV	#255, W2
;__Lib_MathDouble.c,201 :: 		
0x07AA	0xE15802  	CP	W11, W2
;__Lib_MathDouble.c,202 :: 		
0x07AC	0x3D0005  	BRA GE	Long2Float_overflow
;__Lib_MathDouble.c,203 :: 		
0x07AE	0xDD5DC7  	SL	W11, #7, W11
;__Lib_MathDouble.c,204 :: 		
0x07B0	0xB207F9  	AND	#127, W9
;__Lib_MathDouble.c,205 :: 		
0x07B2	0x758089  	IOR	W11, W9, W1
;__Lib_MathDouble.c,206 :: 		
0x07B4	0x880008  	MOV	W8, W0
;__Lib_MathDouble.c,207 :: 		
0x07B6	0x060000  	RETURN
;__Lib_MathDouble.c,208 :: 		
Long2Float_overflow:
;__Lib_MathDouble.c,209 :: 		
0x07B8	0x27F80B  	MOV	#32640, W11
;__Lib_MathDouble.c,210 :: 		
Long2Float_zerosig:
;__Lib_MathDouble.c,211 :: 		
0x07BA	0x88001B  	MOV	W11, W1
;__Lib_MathDouble.c,212 :: 		
0x07BC	0x050000  	RETLW	#0, W0
;__Lib_MathDouble.c,215 :: 		
the_end__Long2Float:
;__Lib_MathDouble.c,218 :: 		
L_end__Long2Float:
0x07BE	0xFA8000  	ULNK
0x07C0	0x060000  	RETURN
; end of __Long2Float
__Compare_Ge_Fp:
0x07C2	0xFA0000  	LNK	#0
;__Lib_MathDouble.c,1354 :: 		
;__Lib_MathDouble.c,1355 :: 		
0x07C4	0x2FFFF4  	MOV	#65535, W4
;__Lib_MathDouble.c,1356 :: 		
0x07C6	0x07FE5F  	RCALL	__Compare_Fp
;__Lib_MathDouble.c,1357 :: 		
L_end__Compare_Ge_Fp:
0x07C8	0xFA8000  	ULNK
0x07CA	0x060000  	RETURN
; end of __Compare_Ge_Fp
__Compare_Fp:
0x0486	0xFA0000  	LNK	#0
;__Lib_MathDouble.c,1272 :: 		
;__Lib_MathDouble.c,1274 :: 		
0x0488	0x070002  	RCALL	CompareFp__fcompare
;__Lib_MathDouble.c,1275 :: 		
0x048A	0x0000000404F4  	GOTO	the_end__Compare_Fp
;__Lib_MathDouble.c,1277 :: 		
CompareFp__fcompare:
;__Lib_MathDouble.c,1278 :: 		
0x048E	0x781F84  	MOV	W4, [W15++]
;__Lib_MathDouble.c,1279 :: 		
0x0490	0x070014  	RCALL	CompareFp__funpack2
;__Lib_MathDouble.c,1280 :: 		
0x0492	0x78004F  	MOV	[--W15], W0
;__Lib_MathDouble.c,1281 :: 		
0x0494	0x330011  	BRA N	CompareFp_exit
;__Lib_MathDouble.c,1282 :: 		
0x0496	0x2FFFF0  	MOV	#65535, W0
;__Lib_MathDouble.c,1283 :: 		
0x0498	0x6C8F83  	XOR	W9, W3, [W15]
;__Lib_MathDouble.c,1284 :: 		
0x049A	0x3B0006  	BRA NN	CompareFp_comparemag
;__Lib_MathDouble.c,1285 :: 		
0x049C	0x650504  	AND	W10, W4, W10
;__Lib_MathDouble.c,1286 :: 		
0x049E	0xA7000A  	BTSC	W10, #0
;__Lib_MathDouble.c,1287 :: 		
0x04A0	0x370008  	BRA	CompareFp_returnEqual
;__Lib_MathDouble.c,1288 :: 		
0x04A2	0xA6F009  	BTSS	W9, #15
;__Lib_MathDouble.c,1289 :: 		
0x04A4	0x200010  	MOV	#1, W0
;__Lib_MathDouble.c,1290 :: 		
0x04A6	0x370008  	BRA	CompareFp_exit
;__Lib_MathDouble.c,1291 :: 		
CompareFp_comparemag:
;__Lib_MathDouble.c,1292 :: 		
0x04A8	0x540F82  	SUB	W8, W2, [W15]
;__Lib_MathDouble.c,1293 :: 		
0x04AA	0x5C8F83  	SUBB	W9, W3, [W15]
;__Lib_MathDouble.c,1294 :: 		
0x04AC	0x390003  	BRA LTU	CompareFp_adjust
;__Lib_MathDouble.c,1295 :: 		
0x04AE	0x200010  	MOV	#1, W0
;__Lib_MathDouble.c,1296 :: 		
0x04B0	0x3E0001  	BRA GTU	CompareFp_adjust
;__Lib_MathDouble.c,1297 :: 		
CompareFp_returnEqual:
;__Lib_MathDouble.c,1298 :: 		
0x04B2	0x200000  	MOV	#0, W0
;__Lib_MathDouble.c,1299 :: 		
CompareFp_adjust:
;__Lib_MathDouble.c,1300 :: 		
0x04B4	0xA7F009  	BTSC	W9, #15
;__Lib_MathDouble.c,1301 :: 		
0x04B6	0xEA0000  	NEG	W0, W0
;__Lib_MathDouble.c,1302 :: 		
CompareFp_exit:
;__Lib_MathDouble.c,1303 :: 		
0x04B8	0x060000  	RETURN
;__Lib_MathDouble.c,1304 :: 		
CompareFp__funpack2:
;__Lib_MathDouble.c,1305 :: 		
0x04BA	0xBE8400  	MOV.D	W0, W8
;__Lib_MathDouble.c,1306 :: 		
0x04BC	0x070006  	RCALL	CompareFp__funpack
;__Lib_MathDouble.c,1307 :: 		
0x04BE	0xBE8300  	MOV.D	W0, W6
;__Lib_MathDouble.c,1308 :: 		
0x04C0	0xBE8504  	MOV.D	W4, W10
;__Lib_MathDouble.c,1309 :: 		
0x04C2	0xBE8002  	MOV.D	W2, W0
;__Lib_MathDouble.c,1310 :: 		
0x04C4	0x070002  	RCALL	CompareFp__funpack
;__Lib_MathDouble.c,1311 :: 		
0x04C6	0x754F84  	IOR.B	W10, W4, [W15]
;__Lib_MathDouble.c,1312 :: 		
0x04C8	0x060000  	RETURN
;__Lib_MathDouble.c,1313 :: 		
CompareFp__funpack:
;__Lib_MathDouble.c,1314 :: 		
0x04CA	0xDE0AC7  	LSR	W1, #7, W5
;__Lib_MathDouble.c,1315 :: 		
0x04CC	0xB207F1  	AND	#127, W1
;__Lib_MathDouble.c,1316 :: 		
0x04CE	0xB20FF5  	AND	#255, W5
;__Lib_MathDouble.c,1317 :: 		
0x04D0	0x320008  	BRA Z	CompareFp_zeroorsub
;__Lib_MathDouble.c,1318 :: 		
0x04D2	0x42CFE1  	ADD.B	W5, #1, [W15]
;__Lib_MathDouble.c,1319 :: 		
0x04D4	0x320002  	BRA Z	CompareFp_nanorinf
;__Lib_MathDouble.c,1320 :: 		
CompareFp_finitereturn:
;__Lib_MathDouble.c,1321 :: 		
0x04D6	0xA8E002  	BSET	W1, #7
;__Lib_MathDouble.c,1322 :: 		
0x04D8	0x050024  	RETLW	#2, W4
;__Lib_MathDouble.c,1323 :: 		
CompareFp_nanorinf:
;__Lib_MathDouble.c,1324 :: 		
0x04DA	0x700F81  	IOR	W0, W1, [W15]
;__Lib_MathDouble.c,1325 :: 		
0x04DC	0x320001  	BRA Z	CompareFp_infinite
;__Lib_MathDouble.c,1326 :: 		
0x04DE	0x050804  	RETLW	#128, W4
;__Lib_MathDouble.c,1327 :: 		
CompareFp_infinite:
;__Lib_MathDouble.c,1328 :: 		
0x04E0	0x050044  	RETLW	#4, W4
;__Lib_MathDouble.c,1329 :: 		
CompareFp_zeroorsub:
;__Lib_MathDouble.c,1330 :: 		
0x04E2	0x700F81  	IOR	W0, W1, [W15]
;__Lib_MathDouble.c,1331 :: 		
0x04E4	0x3A0002  	BRA NZ	CompareFp_subnormal
;__Lib_MathDouble.c,1332 :: 		
0x04E6	0x050014  	RETLW	#1, W4
;__Lib_MathDouble.c,1333 :: 		
CompareFp_normalize:
;__Lib_MathDouble.c,1334 :: 		
0x04E8	0xE90285  	DEC	W5, W5
;__Lib_MathDouble.c,1335 :: 		
CompareFp_subnormal:
;__Lib_MathDouble.c,1336 :: 		
0x04EA	0x400000  	ADD	W0, W0, W0
;__Lib_MathDouble.c,1337 :: 		
0x04EC	0x48C081  	ADDC.B	W1, W1, W1
;__Lib_MathDouble.c,1338 :: 		
0x04EE	0x3BFFFC  	BRA NN	CompareFp_normalize
;__Lib_MathDouble.c,1339 :: 		
0x04F0	0xA8E002  	BSET	W1, #7
;__Lib_MathDouble.c,1340 :: 		
0x04F2	0x050024  	RETLW	#2, W4
;__Lib_MathDouble.c,1343 :: 		
the_end__Compare_Fp:
;__Lib_MathDouble.c,1345 :: 		
L_end__Compare_Fp:
0x04F4	0xFA8000  	ULNK
0x04F6	0x060000  	RETURN
; end of __Compare_Fp
__Sub_FP:
0x04F8	0xFA0000  	LNK	#0
;__Lib_MathDouble.c,830 :: 		
;__Lib_MathDouble.c,831 :: 		
0x04FA	0xAAE007  	BTG	W3, #15
;__Lib_MathDouble.c,832 :: 		
0x04FC	0x07FF0E  	RCALL	__AddSub_FP
;__Lib_MathDouble.c,833 :: 		
L_end__Sub_FP:
0x04FE	0xFA8000  	ULNK
0x0500	0x060000  	RETURN
; end of __Sub_FP
__AddSub_FP:
0x031A	0xFA0000  	LNK	#0
;__Lib_MathDouble.c,582 :: 		
;__Lib_MathDouble.c,584 :: 		
0x031C	0x070002  	RCALL	AddSubFP__addsf3
;__Lib_MathDouble.c,585 :: 		
0x031E	0x000000040482  	GOTO	the_end__AddSub_FP
;__Lib_MathDouble.c,588 :: 		
AddSubFP__addsf3:
;__Lib_MathDouble.c,589 :: 		
0x0322	0xBE9F88  	MOV.D	W8, [W15++]
;__Lib_MathDouble.c,590 :: 		
0x0324	0xBE9F8A  	MOV.D	W10, [W15++]
;__Lib_MathDouble.c,591 :: 		
0x0326	0x781F8C  	MOV	W12, [W15++]
;__Lib_MathDouble.c,592 :: 		
0x0328	0x070059  	RCALL	AddSubFP__funpack2
;__Lib_MathDouble.c,593 :: 		
0x032A	0x330060  	BRA N	AddSubFP__fPropagateNaN
;__Lib_MathDouble.c,594 :: 		
0x032C	0xE15064  	CP	W10, #4
;__Lib_MathDouble.c,595 :: 		
0x032E	0x32004F  	BRA Z	AddSubFP_aisinfinite
;__Lib_MathDouble.c,596 :: 		
AddSubFP_checkspecialb:
;__Lib_MathDouble.c,597 :: 		
0x0330	0xE12064  	CP	W4, #4
;__Lib_MathDouble.c,598 :: 		
0x0332	0x320052  	BRA Z	AddSubFP_return2_3
;__Lib_MathDouble.c,599 :: 		
0x0334	0x6C8203  	XOR	W9, W3, W4
;__Lib_MathDouble.c,600 :: 		
0x0336	0x3B0007  	BRA NN	AddSubFP_getsign
;__Lib_MathDouble.c,601 :: 		
0x0338	0xD00509  	SL	W9, W10
;__Lib_MathDouble.c,602 :: 		
0x033A	0xD00603  	SL	W3, W12
;__Lib_MathDouble.c,603 :: 		
0x033C	0x540F82  	SUB	W8, W2, [W15]
;__Lib_MathDouble.c,604 :: 		
0x033E	0x5D060C  	SUBB	W10, W12, W12
;__Lib_MathDouble.c,605 :: 		
0x0340	0x390002  	BRA NC	AddSubFP_getsign
;__Lib_MathDouble.c,606 :: 		
0x0342	0x320002  	BRA Z	AddSubFP_gotsign
;__Lib_MathDouble.c,607 :: 		
0x0344	0x880039  	MOV	W9, W3
;__Lib_MathDouble.c,608 :: 		
AddSubFP_getsign:
;__Lib_MathDouble.c,609 :: 		
0x0346	0x8800C3  	MOV	W3, W12
;__Lib_MathDouble.c,610 :: 		
AddSubFP_gotsign:
;__Lib_MathDouble.c,611 :: 		
0x0348	0x558285  	SUB	W11, W5, W5
;__Lib_MathDouble.c,612 :: 		
0x034A	0x3D0004  	BRA GE	AddSubFP_expcanonical
;__Lib_MathDouble.c,613 :: 		
0x034C	0xFD0300  	EXCH	W0, W6
;__Lib_MathDouble.c,614 :: 		
0x034E	0xFD0381  	EXCH	W1, W7
;__Lib_MathDouble.c,615 :: 		
0x0350	0xEA0285  	NEG	W5, W5
;__Lib_MathDouble.c,616 :: 		
0x0352	0x42858B  	ADD	W5, W11, W11
;__Lib_MathDouble.c,617 :: 		
AddSubFP_expcanonical:
;__Lib_MathDouble.c,618 :: 		
0x0354	0x720F84  	IOR	W4, W4, [W15]
;__Lib_MathDouble.c,619 :: 		
0x0356	0x3B0002  	BRA NN	AddSubFP_nonegate
;__Lib_MathDouble.c,620 :: 		
0x0358	0x100060  	SUBR	W0, #0, W0
;__Lib_MathDouble.c,621 :: 		
0x035A	0x1880E0  	SUBBR	W1, #0, W1
;__Lib_MathDouble.c,622 :: 		
AddSubFP_nonegate:
;__Lib_MathDouble.c,623 :: 		
0x035C	0xB81160  	MUL.UU	W2, #0, W2
;__Lib_MathDouble.c,624 :: 		
0x035E	0xEB0500  	CLR	W10
;__Lib_MathDouble.c,625 :: 		
0x0360	0xE1287A  	CP	W5, #26
;__Lib_MathDouble.c,626 :: 		
0x0362	0x39000A  	BRA NC	AddSubFP_aligniter
;__Lib_MathDouble.c,627 :: 		
0x0364	0x880006  	MOV	W6, W0
;__Lib_MathDouble.c,628 :: 		
0x0366	0xDD5DC7  	SL	W11, #7, W11
;__Lib_MathDouble.c,629 :: 		
0x0368	0xB207F7  	AND	#127, W7
;__Lib_MathDouble.c,630 :: 		
0x036A	0x758087  	IOR	W11, W7, W1
;__Lib_MathDouble.c,631 :: 		
0x036C	0x37002D  	BRA	AddSubFP_signoff
;__Lib_MathDouble.c,632 :: 		
AddSubFP_align:
;__Lib_MathDouble.c,633 :: 		
0x036E	0x718182  	IOR	W3, W2, W3
;__Lib_MathDouble.c,634 :: 		
0x0370	0x88002A  	MOV	W10, W2
;__Lib_MathDouble.c,635 :: 		
0x0372	0x600561  	AND	W0, #1, W10
;__Lib_MathDouble.c,636 :: 		
0x0374	0xD18081  	ASR	W1, W1
;__Lib_MathDouble.c,637 :: 		
0x0376	0xD38000  	RRC	W0, W0
;__Lib_MathDouble.c,638 :: 		
AddSubFP_aligniter:
;__Lib_MathDouble.c,639 :: 		
0x0378	0xE90285  	DEC	W5, W5
;__Lib_MathDouble.c,640 :: 		
0x037A	0x3BFFF9  	BRA NN	AddSubFP_align
;__Lib_MathDouble.c,641 :: 		
AddSubFP_aligned:
;__Lib_MathDouble.c,642 :: 		
0x037C	0x400406  	ADD	W0, W6, W8
;__Lib_MathDouble.c,643 :: 		
0x037E	0x488487  	ADDC	W1, W7, W9
;__Lib_MathDouble.c,644 :: 		
0x0380	0x3B0002  	BRA NN	AddSubFP_normalizesum
;__Lib_MathDouble.c,645 :: 		
0x0382	0x140460  	SUBR	W8, #0, W8
;__Lib_MathDouble.c,646 :: 		
0x0384	0x1C84E0  	SUBBR	W9, #0, W9
;__Lib_MathDouble.c,647 :: 		
AddSubFP_normalizesum:
;__Lib_MathDouble.c,648 :: 		
0x0386	0xA38809  	BTST.Z	W9, #8
;__Lib_MathDouble.c,649 :: 		
0x0388	0x320007  	BRA Z	AddSubFP_checknormal
;__Lib_MathDouble.c,650 :: 		
0x038A	0x71818A  	IOR	W3, W10, W3
;__Lib_MathDouble.c,651 :: 		
0x038C	0x718182  	IOR	W3, W2, W3
;__Lib_MathDouble.c,652 :: 		
0x038E	0x640161  	AND	W8, #1, W2
;__Lib_MathDouble.c,653 :: 		
0x0390	0xD10489  	LSR	W9, W9
;__Lib_MathDouble.c,654 :: 		
0x0392	0xD38408  	RRC	W8, W8
;__Lib_MathDouble.c,655 :: 		
0x0394	0xE8058B  	INC	W11, W11
;__Lib_MathDouble.c,656 :: 		
0x0396	0x370017  	BRA	AddSubFP_round
;__Lib_MathDouble.c,657 :: 		
AddSubFP_checknormal:
;__Lib_MathDouble.c,658 :: 		
0x0398	0xA37809  	BTST.Z	W9, #7
;__Lib_MathDouble.c,659 :: 		
0x039A	0x3A0013  	BRA NZ	AddSubFP_discardguard
;__Lib_MathDouble.c,660 :: 		
AddSubFP_underflow:
;__Lib_MathDouble.c,661 :: 		
0x039C	0xE20016  	CP0	W11
;__Lib_MathDouble.c,662 :: 		
0x039E	0x340013  	BRA LE	AddSubFP_round
;__Lib_MathDouble.c,663 :: 		
0x03A0	0xE9058B  	DEC	W11, W11
;__Lib_MathDouble.c,664 :: 		
0x03A2	0x440408  	ADD	W8, W8, W8
;__Lib_MathDouble.c,665 :: 		
0x03A4	0x4C8489  	ADDC	W9, W9, W9
;__Lib_MathDouble.c,666 :: 		
0x03A6	0x74440A  	IOR.B	W8, W10, W8
;__Lib_MathDouble.c,667 :: 		
0x03A8	0xA37809  	BTST.Z	W9, #7
;__Lib_MathDouble.c,668 :: 		
0x03AA	0x3A000D  	BRA NZ	AddSubFP_round
;__Lib_MathDouble.c,669 :: 		
AddSubFP_normalizeloop:
;__Lib_MathDouble.c,670 :: 		
0x03AC	0xE20016  	CP0	W11
;__Lib_MathDouble.c,671 :: 		
0x03AE	0x340007  	BRA LE	AddSubFP_normalizeexit
;__Lib_MathDouble.c,672 :: 		
0x03B0	0xE9058B  	DEC	W11, W11
;__Lib_MathDouble.c,673 :: 		
0x03B2	0x440408  	ADD	W8, W8, W8
;__Lib_MathDouble.c,674 :: 		
0x03B4	0x4C8489  	ADDC	W9, W9, W9
;__Lib_MathDouble.c,675 :: 		
0x03B6	0x3A0001  	BRA NZ	AddSubFP_normalizetest
;__Lib_MathDouble.c,676 :: 		
0x03B8	0x20000B  	MOV	#0, W11
;__Lib_MathDouble.c,677 :: 		
AddSubFP_normalizetest:
;__Lib_MathDouble.c,678 :: 		
0x03BA	0xA37809  	BTST.Z	W9, #7
;__Lib_MathDouble.c,679 :: 		
0x03BC	0x32FFF7  	BRA Z	AddSubFP_normalizeloop
;__Lib_MathDouble.c,680 :: 		
AddSubFP_normalizeexit:
;__Lib_MathDouble.c,681 :: 		
0x03BE	0xEB0100  	CLR	W2
;__Lib_MathDouble.c,682 :: 		
0x03C0	0x370002  	BRA	AddSubFP_round
;__Lib_MathDouble.c,683 :: 		
AddSubFP_discardguard:
;__Lib_MathDouble.c,684 :: 		
0x03C2	0x718182  	IOR	W3, W2, W3
;__Lib_MathDouble.c,685 :: 		
0x03C4	0x88002A  	MOV	W10, W2
;__Lib_MathDouble.c,686 :: 		
AddSubFP_round:
;__Lib_MathDouble.c,687 :: 		
0x03C6	0x070022  	RCALL	AddSubFP__fpack
;__Lib_MathDouble.c,688 :: 		
AddSubFP_signoff:
;__Lib_MathDouble.c,689 :: 		
0x03C8	0xA7F00C  	BTSC	W12, #15
;__Lib_MathDouble.c,690 :: 		
0x03CA	0xA8E003  	BSET	W1, #15
;__Lib_MathDouble.c,691 :: 		
0x03CC	0x370018  	BRA	AddSubFP__fbopExit
;__Lib_MathDouble.c,692 :: 		
AddSubFP_aisinfinite:
;__Lib_MathDouble.c,693 :: 		
0x03CE	0xE12064  	CP	W4, #4
;__Lib_MathDouble.c,694 :: 		
0x03D0	0x3A0002  	BRA NZ	AddSubFP_return8_3
;__Lib_MathDouble.c,695 :: 		
0x03D2	0x6C8F83  	XOR	W9, W3, [W15]
;__Lib_MathDouble.c,696 :: 		
0x03D4	0x330018  	BRA N	AddSubFP__fbopReturnNaN
;__Lib_MathDouble.c,697 :: 		
AddSubFP_return8_3:
;__Lib_MathDouble.c,698 :: 		
0x03D6	0xBE8108  	MOV.D	W8, W2
;__Lib_MathDouble.c,699 :: 		
AddSubFP_return2_3:
;__Lib_MathDouble.c,700 :: 		
0x03D8	0xBE8002  	MOV.D	W2, W0
;__Lib_MathDouble.c,701 :: 		
0x03DA	0x370011  	BRA	AddSubFP__fbopExit
;__Lib_MathDouble.c,702 :: 		
AddSubFP__funpack2:
;__Lib_MathDouble.c,703 :: 		
0x03DC	0xBE8400  	MOV.D	W0, W8
;__Lib_MathDouble.c,704 :: 		
0x03DE	0x07003C  	RCALL	AddSubFP__funpack
;__Lib_MathDouble.c,705 :: 		
0x03E0	0xBE8300  	MOV.D	W0, W6
;__Lib_MathDouble.c,706 :: 		
0x03E2	0xBE8504  	MOV.D	W4, W10
;__Lib_MathDouble.c,707 :: 		
0x03E4	0xBE8002  	MOV.D	W2, W0
;__Lib_MathDouble.c,708 :: 		
0x03E6	0x070038  	RCALL	AddSubFP__funpack
;__Lib_MathDouble.c,709 :: 		
0x03E8	0x754F84  	IOR.B	W10, W4, [W15]
;__Lib_MathDouble.c,710 :: 		
0x03EA	0x060000  	RETURN
;__Lib_MathDouble.c,711 :: 		
AddSubFP__fPropagateNaN:
;__Lib_MathDouble.c,712 :: 		
0x03EC	0xBE8002  	MOV.D	W2, W0
;__Lib_MathDouble.c,713 :: 		
0x03EE	0xE15064  	CP	W10, #4
;__Lib_MathDouble.c,714 :: 		
0x03F0	0x360005  	BRA LEU	AddSubFP_return0_1
;__Lib_MathDouble.c,715 :: 		
0x03F2	0xE12064  	CP	W4, #4
;__Lib_MathDouble.c,716 :: 		
0x03F4	0x360002  	BRA LEU	AddSubFP_return8_1
;__Lib_MathDouble.c,717 :: 		
0x03F6	0xA36809  	BTST.Z	W9, #6
;__Lib_MathDouble.c,718 :: 		
0x03F8	0x3A0001  	BRA NZ	AddSubFP_return0_1
;__Lib_MathDouble.c,719 :: 		
AddSubFP_return8_1:
;__Lib_MathDouble.c,720 :: 		
0x03FA	0xBE8008  	MOV.D	W8, W0
;__Lib_MathDouble.c,721 :: 		
AddSubFP_return0_1:
;__Lib_MathDouble.c,722 :: 		
0x03FC	0xA8C002  	BSET	W1, #6
;__Lib_MathDouble.c,723 :: 		
AddSubFP__fbopExit:
;__Lib_MathDouble.c,724 :: 		
0x03FE	0x78064F  	MOV	[--W15], W12
;__Lib_MathDouble.c,725 :: 		
0x0400	0xBE054F  	MOV.D	[--W15], W10
;__Lib_MathDouble.c,726 :: 		
0x0402	0xBE044F  	MOV.D	[--W15], W8
;__Lib_MathDouble.c,727 :: 		
0x0404	0x060000  	RETURN
;__Lib_MathDouble.c,728 :: 		
AddSubFP__fbopReturnNaN:
;__Lib_MathDouble.c,729 :: 		
0x0406	0x2FFFF0  	MOV	#65535, W0
;__Lib_MathDouble.c,730 :: 		
0x0408	0x27FFF1  	MOV	#32767, W1
;__Lib_MathDouble.c,731 :: 		
0x040A	0x37FFF9  	BRA	AddSubFP__fbopExit
;__Lib_MathDouble.c,732 :: 		
AddSubFP__fpack:
;__Lib_MathDouble.c,733 :: 		
0x040C	0x200081  	MOV	#8, W1
;__Lib_MathDouble.c,734 :: 		
0x040E	0x558061  	SUB	W11, #1, W0
;__Lib_MathDouble.c,735 :: 		
0x0410	0x3D000B  	BRA GE	AddSubFP_notsubnormal_1
;__Lib_MathDouble.c,736 :: 		
0x0412	0x20000B  	MOV	#0, W11
;__Lib_MathDouble.c,737 :: 		
0x0414	0x2FFE61  	MOV	#65510, W1
;__Lib_MathDouble.c,738 :: 		
0x0416	0xE10001  	CP	W0, W1
;__Lib_MathDouble.c,739 :: 		
0x0418	0x34001D  	BRA LE	AddSubFP_zerosig
;__Lib_MathDouble.c,740 :: 		
AddSubFP_subnormal_1:
;__Lib_MathDouble.c,741 :: 		
0x041A	0x718182  	IOR	W3, W2, W3
;__Lib_MathDouble.c,742 :: 		
0x041C	0x640161  	AND	W8, #1, W2
;__Lib_MathDouble.c,743 :: 		
0x041E	0xD10489  	LSR	W9, W9
;__Lib_MathDouble.c,744 :: 		
0x0420	0xD38408  	RRC	W8, W8
;__Lib_MathDouble.c,745 :: 		
0x0422	0xE80000  	INC	W0, W0
;__Lib_MathDouble.c,746 :: 		
0x0424	0x3AFFFA  	BRA NZ	AddSubFP_subnormal_1
;__Lib_MathDouble.c,747 :: 		
0x0426	0x200071  	MOV	#7, W1
;__Lib_MathDouble.c,748 :: 		
AddSubFP_notsubnormal_1:
;__Lib_MathDouble.c,749 :: 		
0x0428	0x640061  	AND	W8, #1, W0
;__Lib_MathDouble.c,750 :: 		
0x042A	0x700003  	IOR	W0, W3, W0
;__Lib_MathDouble.c,751 :: 		
0x042C	0x600002  	AND	W0, W2, W0
;__Lib_MathDouble.c,752 :: 		
0x042E	0x320009  	BRA Z	AddSubFP_packupandgo
;__Lib_MathDouble.c,753 :: 		
0x0430	0x440461  	ADD	W8, #1, W8
;__Lib_MathDouble.c,754 :: 		
0x0432	0x4C84E0  	ADDC	W9, #0, W9
;__Lib_MathDouble.c,755 :: 		
0x0434	0xA58809  	BTST.Z	W9, W1
;__Lib_MathDouble.c,756 :: 		
0x0436	0x320005  	BRA Z	AddSubFP_packupandgo
;__Lib_MathDouble.c,757 :: 		
0x0438	0xE8058B  	INC	W11, W11
;__Lib_MathDouble.c,758 :: 		
0x043A	0xE10868  	CP	W1, #8
;__Lib_MathDouble.c,759 :: 		
0x043C	0x3A0002  	BRA NZ	AddSubFP_packupandgo
;__Lib_MathDouble.c,760 :: 		
0x043E	0xD10489  	LSR	W9, W9
;__Lib_MathDouble.c,761 :: 		
0x0440	0xD38408  	RRC	W8, W8
;__Lib_MathDouble.c,762 :: 		
AddSubFP_packupandgo:
;__Lib_MathDouble.c,763 :: 		
0x0442	0x200FF2  	MOV	#255, W2
;__Lib_MathDouble.c,764 :: 		
0x0444	0xE15802  	CP	W11, W2
;__Lib_MathDouble.c,765 :: 		
0x0446	0x3D0005  	BRA GE	AddSubFP_overflow
;__Lib_MathDouble.c,766 :: 		
0x0448	0xDD5DC7  	SL	W11, #7, W11
;__Lib_MathDouble.c,767 :: 		
0x044A	0xB207F9  	AND	#127, W9
;__Lib_MathDouble.c,768 :: 		
0x044C	0x758089  	IOR	W11, W9, W1
;__Lib_MathDouble.c,769 :: 		
0x044E	0x880008  	MOV	W8, W0
;__Lib_MathDouble.c,770 :: 		
0x0450	0x060000  	RETURN
;__Lib_MathDouble.c,771 :: 		
AddSubFP_overflow:
;__Lib_MathDouble.c,772 :: 		
0x0452	0x27F80B  	MOV	#32640, W11
;__Lib_MathDouble.c,773 :: 		
AddSubFP_zerosig:
;__Lib_MathDouble.c,774 :: 		
0x0454	0x88001B  	MOV	W11, W1
;__Lib_MathDouble.c,775 :: 		
0x0456	0x050000  	RETLW	#0, W0
;__Lib_MathDouble.c,776 :: 		
AddSubFP__funpack:
;__Lib_MathDouble.c,777 :: 		
0x0458	0xDE0AC7  	LSR	W1, #7, W5
;__Lib_MathDouble.c,778 :: 		
0x045A	0xB207F1  	AND	#127, W1
;__Lib_MathDouble.c,779 :: 		
0x045C	0xB20FF5  	AND	#255, W5
;__Lib_MathDouble.c,780 :: 		
0x045E	0x320008  	BRA Z	AddSubFP_zeroorsub
;__Lib_MathDouble.c,781 :: 		
0x0460	0x42CFE1  	ADD.B	W5, #1, [W15]
;__Lib_MathDouble.c,782 :: 		
0x0462	0x320002  	BRA Z	AddSubFP_nanorinf
;__Lib_MathDouble.c,783 :: 		
AddSubFP_finitereturn:
;__Lib_MathDouble.c,784 :: 		
0x0464	0xA8E002  	BSET	W1, #7
;__Lib_MathDouble.c,785 :: 		
0x0466	0x050024  	RETLW	#2, W4
;__Lib_MathDouble.c,786 :: 		
AddSubFP_nanorinf:
;__Lib_MathDouble.c,787 :: 		
0x0468	0x700F81  	IOR	W0, W1, [W15]
;__Lib_MathDouble.c,788 :: 		
0x046A	0x320001  	BRA Z	AddSubFP_infinite
;__Lib_MathDouble.c,789 :: 		
0x046C	0x050804  	RETLW	#128, W4
;__Lib_MathDouble.c,790 :: 		
AddSubFP_infinite:
;__Lib_MathDouble.c,791 :: 		
0x046E	0x050044  	RETLW	#4, W4
;__Lib_MathDouble.c,792 :: 		
AddSubFP_zeroorsub:
;__Lib_MathDouble.c,793 :: 		
0x0470	0x700F81  	IOR	W0, W1, [W15]
;__Lib_MathDouble.c,794 :: 		
0x0472	0x3A0002  	BRA NZ	AddSubFP_subnormal_2
;__Lib_MathDouble.c,795 :: 		
0x0474	0x050014  	RETLW	#1, W4
;__Lib_MathDouble.c,796 :: 		
AddSubFP_normalize:
;__Lib_MathDouble.c,797 :: 		
0x0476	0xE90285  	DEC	W5, W5
;__Lib_MathDouble.c,798 :: 		
AddSubFP_subnormal_2:
;__Lib_MathDouble.c,799 :: 		
0x0478	0x400000  	ADD	W0, W0, W0
;__Lib_MathDouble.c,800 :: 		
0x047A	0x48C081  	ADDC.B	W1, W1, W1
;__Lib_MathDouble.c,801 :: 		
0x047C	0x3BFFFC  	BRA NN	AddSubFP_normalize
;__Lib_MathDouble.c,802 :: 		
0x047E	0xA8E002  	BSET	W1, #7
;__Lib_MathDouble.c,803 :: 		
0x0480	0x050024  	RETLW	#2, W4
;__Lib_MathDouble.c,806 :: 		
the_end__AddSub_FP:
;__Lib_MathDouble.c,809 :: 		
L_end__AddSub_FP:
0x0482	0xFA8000  	ULNK
0x0484	0x060000  	RETURN
; end of __AddSub_FP
__Compare_Le_Fp:
0x0502	0xFA0000  	LNK	#0
;__Lib_MathDouble.c,1348 :: 		
;__Lib_MathDouble.c,1349 :: 		
0x0504	0x200014  	MOV	#1, W4
;__Lib_MathDouble.c,1350 :: 		
0x0506	0x07FFBF  	RCALL	__Compare_Fp
;__Lib_MathDouble.c,1351 :: 		
L_end__Compare_Le_Fp:
0x0508	0xFA8000  	ULNK
0x050A	0x060000  	RETURN
; end of __Compare_Le_Fp
_sin:
0x0816	0xFA0006  	LNK	#6
;__Lib_CMath.c,259 :: 		
;__Lib_CMath.c,277 :: 		
0x0818	0x781F8C  	PUSH	W12
0x081A	0x781F8D  	PUSH	W13
0x081C	0xEF2000  	CLR	W0
0x081E	0x984740  	MOV.B	W0, [W14+4]
;__Lib_CMath.c,278 :: 		
0x0820	0xBE9F8A  	PUSH.D	W10
0x0822	0xEF2004  	CLR	W2
0x0824	0xEF2006  	CLR	W3
0x0826	0xBE000A  	MOV.D	W10, W0
0x0828	0x07FE6C  	RCALL	__Compare_Le_Fp
0x082A	0xE00000  	CP0	W0
0x082C	0xEF6000  	CLR.B	W0
0x082E	0x3D0001  	BRA GE	L__sin143
0x0830	0xEC6000  	INC.B	W0
L__sin143:
0x0832	0xBE054F  	POP.D	W10
0x0834	0xE24000  	CP0.B	W0
0x0836	0x320007  	BRA Z	L_sin48
L__sin144:
;__Lib_CMath.c,279 :: 		
0x0838	0x200000  	MOV	#0, W0
0x083A	0x280001  	MOV	#32768, W1
0x083C	0x6D0000  	XOR	W10, W0, W0
0x083E	0x6D8081  	XOR	W11, W1, W1
0x0840	0xBE0500  	MOV.D	W0, W10
;__Lib_CMath.c,280 :: 		
0x0842	0xB3C010  	MOV.B	#1, W0
0x0844	0x984740  	MOV.B	W0, [W14+4]
;__Lib_CMath.c,281 :: 		
L_sin48:
;__Lib_CMath.c,282 :: 		
0x0846	0xBE9F8A  	PUSH.D	W10
0x0848	0xBE000A  	MOV.D	W10, W0
0x084A	0x2F9832  	MOV	#63875, W2
0x084C	0x23E223  	MOV	#15906, W3
0x084E	0x07FCD8  	RCALL	__Mul_FP
0x0850	0xBE054F  	POP.D	W10
0x0852	0xBE0500  	MOV.D	W0, W10
;__Lib_CMath.c,283 :: 		
0x0854	0xBE9F8A  	PUSH.D	W10
0x0856	0xBE0500  	MOV.D	W0, W10
0x0858	0x07005F  	RCALL	_floor
0x085A	0xBE054F  	POP.D	W10
0x085C	0xBE9F8A  	PUSH.D	W10
0x085E	0xBE0100  	MOV.D	W0, W2
0x0860	0xBE000A  	MOV.D	W10, W0
0x0862	0x07FE4A  	RCALL	__Sub_FP
0x0864	0x200002  	MOV	#0, W2
0x0866	0x240803  	MOV	#16512, W3
0x0868	0x07FCCB  	RCALL	__Mul_FP
0x086A	0xBE054F  	POP.D	W10
0x086C	0xBE0500  	MOV.D	W0, W10
;__Lib_CMath.c,284 :: 		
0x086E	0xBE9F8A  	PUSH.D	W10
0x0870	0x200002  	MOV	#0, W2
0x0872	0x240003  	MOV	#16384, W3
0x0874	0x07FFA6  	RCALL	__Compare_Ge_Fp
0x0876	0xE00000  	CP0	W0
0x0878	0xEF6000  	CLR.B	W0
0x087A	0x340001  	BRA LE	L__sin145
0x087C	0xEC6000  	INC.B	W0
L__sin145:
0x087E	0xBE054F  	POP.D	W10
0x0880	0xE24000  	CP0.B	W0
0x0882	0x32000D  	BRA Z	L_sin49
L__sin146:
;__Lib_CMath.c,285 :: 		
0x0884	0x200002  	MOV	#0, W2
0x0886	0x240003  	MOV	#16384, W3
0x0888	0xBE9F8A  	PUSH.D	W10
0x088A	0xBE000A  	MOV.D	W10, W0
0x088C	0x07FE35  	RCALL	__Sub_FP
0x088E	0xBE054F  	POP.D	W10
0x0890	0xBE0500  	MOV.D	W0, W10
;__Lib_CMath.c,286 :: 		
0x0892	0x90404E  	MOV.B	[W14+4], W0
0x0894	0xE24000  	CP0.B	W0
0x0896	0xEF6000  	CLR.B	W0
0x0898	0x3A0001  	BRA NZ	L__sin147
0x089A	0xEC6000  	INC.B	W0
L__sin147:
0x089C	0x984740  	MOV.B	W0, [W14+4]
;__Lib_CMath.c,287 :: 		
L_sin49:
;__Lib_CMath.c,288 :: 		
0x089E	0xBE9F8A  	PUSH.D	W10
0x08A0	0x200002  	MOV	#0, W2
0x08A2	0x23F803  	MOV	#16256, W3
0x08A4	0xBE000A  	MOV.D	W10, W0
0x08A6	0x07FF8D  	RCALL	__Compare_Ge_Fp
0x08A8	0xE00000  	CP0	W0
0x08AA	0xEF6000  	CLR.B	W0
0x08AC	0x340001  	BRA LE	L__sin148
0x08AE	0xEC6000  	INC.B	W0
L__sin148:
0x08B0	0xBE054F  	POP.D	W10
0x08B2	0xE24000  	CP0.B	W0
0x08B4	0x320007  	BRA Z	L_sin50
L__sin149:
;__Lib_CMath.c,289 :: 		
0x08B6	0x200000  	MOV	#0, W0
0x08B8	0x240001  	MOV	#16384, W1
0x08BA	0xBE9F8A  	PUSH.D	W10
0x08BC	0xBE010A  	MOV.D	W10, W2
0x08BE	0x07FE1C  	RCALL	__Sub_FP
0x08C0	0xBE054F  	POP.D	W10
0x08C2	0xBE0500  	MOV.D	W0, W10
L_sin50:
;__Lib_CMath.c,290 :: 		
0x08C4	0xBE9F8A  	PUSH.D	W10
0x08C6	0xBE000A  	MOV.D	W10, W0
0x08C8	0xBE010A  	MOV.D	W10, W2
0x08CA	0x07FC9A  	RCALL	__Mul_FP
0x08CC	0x980700  	MOV	W0, [W14+0]
0x08CE	0x980711  	MOV	W1, [W14+2]
;__Lib_CMath.c,291 :: 		
0x08D0	0x20004D  	MOV	#4, W13
0x08D2	0x28A7CC  	MOV	#lo_addr(sin_coeff_a_L0), W12
0x08D4	0xBE0500  	MOV.D	W0, W10
0x08D6	0x07FEC1  	RCALL	__Lib_CMath_eval_poly
0x08D8	0xBE054F  	POP.D	W10
0x08DA	0xBE9F8A  	PUSH.D	W10
0x08DC	0xBE010A  	MOV.D	W10, W2
0x08DE	0x07FC90  	RCALL	__Mul_FP
0x08E0	0xBE054F  	POP.D	W10
0x08E2	0xBE0500  	MOV.D	W0, W10
;__Lib_CMath.c,292 :: 		
0x08E4	0xBE9F8A  	PUSH.D	W10
0x08E6	0x20003D  	MOV	#3, W13
0x08E8	0x28A90C  	MOV	#lo_addr(sin_coeff_b_L0), W12
0x08EA	0x90050E  	MOV	[W14+0], W10
0x08EC	0x90059E  	MOV	[W14+2], W11
0x08EE	0x07FEB5  	RCALL	__Lib_CMath_eval_poly
0x08F0	0xBE054F  	POP.D	W10
0x08F2	0xBE9F8A  	PUSH.D	W10
0x08F4	0xBE0100  	MOV.D	W0, W2
0x08F6	0xBE000A  	MOV.D	W10, W0
0x08F8	0x07FE15  	RCALL	__Div_FP
0x08FA	0xBE054F  	POP.D	W10
0x08FC	0xBE0500  	MOV.D	W0, W10
;__Lib_CMath.c,294 :: 		
0x08FE	0x470064  	ADD	W14, #4, W0
0x0900	0xE00410  	CP0.B	[W0]
0x0902	0x320005  	BRA Z	L_sin51
L__sin150:
;__Lib_CMath.c,295 :: 		
0x0904	0x200000  	MOV	#0, W0
0x0906	0x280001  	MOV	#32768, W1
0x0908	0x6D0000  	XOR	W10, W0, W0
0x090A	0x6D8081  	XOR	W11, W1, W1
0x090C	0x370001  	BRA	L_end_sin
L_sin51:
;__Lib_CMath.c,296 :: 		
0x090E	0xBE000A  	MOV.D	W10, W0
;__Lib_CMath.c,297 :: 		
;__Lib_CMath.c,296 :: 		
;__Lib_CMath.c,297 :: 		
L_end_sin:
0x0910	0x7806CF  	POP	W13
0x0912	0x78064F  	POP	W12
0x0914	0xFA8000  	ULNK
0x0916	0x060000  	RETURN
; end of _sin
__Lib_CMath_eval_poly:
0x065A	0xFA0000  	LNK	#0
;__Lib_CMath.c,118 :: 		
;__Lib_CMath.c,121 :: 		
0x065C	0xDD6842  	SL	W13, #2, W0
0x065E	0x460100  	ADD	W12, W0, W2
0x0660	0xBE0012  	MOV.D	[W2], W0
; res start address is: 4 (W2)
0x0662	0xBE0100  	MOV.D	W0, W2
; res end address is: 4 (W2)
;__Lib_CMath.c,122 :: 		
L___Lib_CMath_eval_poly17:
; res start address is: 4 (W2)
0x0664	0xE2001A  	CP0	W13
0x0666	0x320013  	BRA Z	L___Lib_CMath_eval_poly18
L___Lib_CMath_eval_poly95:
;__Lib_CMath.c,123 :: 		
0x0668	0xBE9F8C  	PUSH.D	W12
; res end address is: 4 (W2)
0x066A	0xBE9F8A  	PUSH.D	W10
0x066C	0xBE0002  	MOV.D	W2, W0
0x066E	0xBE010A  	MOV.D	W10, W2
0x0670	0x07FDC7  	RCALL	__Mul_FP
0x0672	0xBE054F  	POP.D	W10
0x0674	0xBE064F  	POP.D	W12
0x0676	0x568161  	SUB	W13, #1, W2
0x0678	0x780682  	MOV	W2, W13
0x067A	0xDD6942  	SL	W13, #2, W2
0x067C	0x460202  	ADD	W12, W2, W4
0x067E	0xBE0114  	MOV.D	[W4], W2
0x0680	0xBE9F8C  	PUSH.D	W12
0x0682	0xBE9F8A  	PUSH.D	W10
0x0684	0x07FE4A  	RCALL	__AddSub_FP
0x0686	0xBE054F  	POP.D	W10
0x0688	0xBE064F  	POP.D	W12
; res start address is: 4 (W2)
0x068A	0xBE0100  	MOV.D	W0, W2
0x068C	0x37FFEB  	BRA	L___Lib_CMath_eval_poly17
L___Lib_CMath_eval_poly18:
;__Lib_CMath.c,125 :: 		
0x068E	0xBE0002  	MOV.D	W2, W0
; res end address is: 4 (W2)
;__Lib_CMath.c,126 :: 		
L_end_eval_poly:
0x0690	0xFA8000  	ULNK
0x0692	0x060000  	RETURN
; end of __Lib_CMath_eval_poly
__Mul_FP:
0x0200	0xFA0000  	LNK	#0
;__Lib_MathDouble.c,855 :: 		
;__Lib_MathDouble.c,857 :: 		
0x0202	0x070002  	RCALL	MulFP___mulsf3
;__Lib_MathDouble.c,858 :: 		
0x0204	0x000000040316  	GOTO	the_end__Mul_FP
;__Lib_MathDouble.c,861 :: 		
MulFP___mulsf3:
;__Lib_MathDouble.c,862 :: 		
0x0208	0xBE9F88  	MOV.D	W8, [W15++]
;__Lib_MathDouble.c,863 :: 		
0x020A	0xBE9F8A  	MOV.D	W10, [W15++]
;__Lib_MathDouble.c,864 :: 		
0x020C	0x781F8C  	MOV	W12, [W15++]
;__Lib_MathDouble.c,865 :: 		
0x020E	0x070030  	RCALL	MulFP__funpack2
;__Lib_MathDouble.c,866 :: 		
0x0210	0x330037  	BRA N	MulFP__fPropagateNaN
;__Lib_MathDouble.c,867 :: 		
0x0212	0x6C8603  	XOR	W9, W3, W12
;__Lib_MathDouble.c,868 :: 		
0x0214	0xE15064  	CP	W10, #4
;__Lib_MathDouble.c,869 :: 		
0x0216	0x320024  	BRA Z	MulFP_aisinfinite
;__Lib_MathDouble.c,870 :: 		
0x0218	0xE12064  	CP	W4, #4
;__Lib_MathDouble.c,871 :: 		
0x021A	0x320027  	BRA Z	MulFP_bisinfinite
;__Lib_MathDouble.c,872 :: 		
0x021C	0xE15061  	CP	W10, #1
;__Lib_MathDouble.c,873 :: 		
0x021E	0x320022  	BRA Z	MulFP_return8_1
;__Lib_MathDouble.c,874 :: 		
0x0220	0xE12061  	CP	W4, #1
;__Lib_MathDouble.c,875 :: 		
0x0222	0x320021  	BRA Z	MulFP_return2_1
;__Lib_MathDouble.c,876 :: 		
0x0224	0x42858B  	ADD	W5, W11, W11
;__Lib_MathDouble.c,877 :: 		
0x0226	0xB107EB  	SUB	#126, W11
;__Lib_MathDouble.c,878 :: 		
0x0228	0xB83401  	MUL.UU	W6, W1, W8
;__Lib_MathDouble.c,879 :: 		
0x022A	0xB83A00  	MUL.UU	W7, W0, W4
;__Lib_MathDouble.c,880 :: 		
0x022C	0x420408  	ADD	W4, W8, W8
;__Lib_MathDouble.c,881 :: 		
0x022E	0x4A8489  	ADDC	W5, W9, W9
;__Lib_MathDouble.c,882 :: 		
0x0230	0xB83A01  	MUL.UU	W7, W1, W4
;__Lib_MathDouble.c,883 :: 		
0x0232	0xB83000  	MUL.UU	W6, W0, W0
;__Lib_MathDouble.c,884 :: 		
0x0234	0x408088  	ADD	W1, W8, W1
;__Lib_MathDouble.c,885 :: 		
0x0236	0x4A0109  	ADDC	W4, W9, W2
;__Lib_MathDouble.c,886 :: 		
0x0238	0x330004  	BRA N	MulFP_formsticky
;__Lib_MathDouble.c,887 :: 		
0x023A	0x400000  	ADD	W0, W0, W0
;__Lib_MathDouble.c,888 :: 		
0x023C	0x488081  	ADDC	W1, W1, W1
;__Lib_MathDouble.c,889 :: 		
0x023E	0x490102  	ADDC	W2, W2, W2
;__Lib_MathDouble.c,890 :: 		
0x0240	0xE9058B  	DEC	W11, W11
;__Lib_MathDouble.c,891 :: 		
MulFP_formsticky:
;__Lib_MathDouble.c,892 :: 		
0x0242	0xDD09C9  	SL	W1, #9, W3
;__Lib_MathDouble.c,893 :: 		
0x0244	0x700183  	IOR	W0, W3, W3
;__Lib_MathDouble.c,894 :: 		
0x0246	0x320001  	BRA Z	MulFP_formRandSig
;__Lib_MathDouble.c,895 :: 		
0x0248	0x200013  	MOV	#1, W3
;__Lib_MathDouble.c,896 :: 		
MulFP_formRandSig:
;__Lib_MathDouble.c,897 :: 		
0x024A	0xDE14C8  	LSR	W2, #8, W9
;__Lib_MathDouble.c,898 :: 		
0x024C	0xDD1448  	SL	W2, #8, W8
;__Lib_MathDouble.c,899 :: 		
0x024E	0xDE0947  	LSR	W1, #7, W2
;__Lib_MathDouble.c,900 :: 		
0x0250	0xB20012  	AND	#1, W2
;__Lib_MathDouble.c,901 :: 		
0x0252	0xDE08C8  	LSR	W1, #8, W1
;__Lib_MathDouble.c,902 :: 		
0x0254	0x708408  	IOR	W1, W8, W8
;__Lib_MathDouble.c,903 :: 		
0x0256	0x070024  	RCALL	MulFP__fpack
;__Lib_MathDouble.c,904 :: 		
MulFP_return0_1:
;__Lib_MathDouble.c,905 :: 		
0x0258	0xA1F001  	BCLR	W1, #15
;__Lib_MathDouble.c,906 :: 		
0x025A	0xA7F00C  	BTSC	W12, #15
;__Lib_MathDouble.c,907 :: 		
0x025C	0xA8E003  	BSET	W1, #15
;__Lib_MathDouble.c,908 :: 		
0x025E	0x370019  	BRA	MulFP__fbopExit
;__Lib_MathDouble.c,909 :: 		
MulFP_aisinfinite:
;__Lib_MathDouble.c,910 :: 		
0x0260	0xE12061  	CP	W4, #1
;__Lib_MathDouble.c,911 :: 		
0x0262	0x32001B  	BRA Z	MulFP__fbopReturnNaN
;__Lib_MathDouble.c,912 :: 		
MulFP_return8_1:
;__Lib_MathDouble.c,913 :: 		
0x0264	0xBE8108  	MOV.D	W8, W2
;__Lib_MathDouble.c,914 :: 		
MulFP_return2_1:
;__Lib_MathDouble.c,915 :: 		
0x0266	0xBE8002  	MOV.D	W2, W0
;__Lib_MathDouble.c,916 :: 		
0x0268	0x37FFF7  	BRA	MulFP_return0_1
;__Lib_MathDouble.c,917 :: 		
MulFP_bisinfinite:
;__Lib_MathDouble.c,918 :: 		
0x026A	0xE15061  	CP	W10, #1
;__Lib_MathDouble.c,919 :: 		
0x026C	0x3AFFFC  	BRA NZ	MulFP_return2_1
;__Lib_MathDouble.c,920 :: 		
0x026E	0x370015  	BRA	MulFP__fbopReturnNaN
;__Lib_MathDouble.c,921 :: 		
MulFP__funpack2:
;__Lib_MathDouble.c,922 :: 		
0x0270	0xBE8400  	MOV.D	W0, W8
;__Lib_MathDouble.c,923 :: 		
0x0272	0x07003C  	RCALL	MulFP__funpack
;__Lib_MathDouble.c,924 :: 		
0x0274	0xBE8300  	MOV.D	W0, W6
;__Lib_MathDouble.c,925 :: 		
0x0276	0xBE8504  	MOV.D	W4, W10
;__Lib_MathDouble.c,926 :: 		
0x0278	0xBE8002  	MOV.D	W2, W0
;__Lib_MathDouble.c,927 :: 		
0x027A	0x070038  	RCALL	MulFP__funpack
;__Lib_MathDouble.c,928 :: 		
0x027C	0x754F84  	IOR.B	W10, W4, [W15]
;__Lib_MathDouble.c,929 :: 		
0x027E	0x060000  	RETURN
;__Lib_MathDouble.c,930 :: 		
MulFP__fPropagateNaN:
;__Lib_MathDouble.c,931 :: 		
0x0280	0xBE8002  	MOV.D	W2, W0
;__Lib_MathDouble.c,932 :: 		
0x0282	0xE15064  	CP	W10, #4
;__Lib_MathDouble.c,933 :: 		
0x0284	0x360005  	BRA LEU	MulFP_return0_2
;__Lib_MathDouble.c,934 :: 		
0x0286	0xE12064  	CP	W4, #4
;__Lib_MathDouble.c,935 :: 		
0x0288	0x360002  	BRA LEU	MulFP_return8_2
;__Lib_MathDouble.c,936 :: 		
0x028A	0xA36809  	BTST.Z	W9, #6
;__Lib_MathDouble.c,937 :: 		
0x028C	0x3A0001  	BRA NZ	MulFP_return0_2
;__Lib_MathDouble.c,938 :: 		
MulFP_return8_2:
;__Lib_MathDouble.c,939 :: 		
0x028E	0xBE8008  	MOV.D	W8, W0
;__Lib_MathDouble.c,940 :: 		
MulFP_return0_2:
;__Lib_MathDouble.c,941 :: 		
0x0290	0xA8C002  	BSET	W1, #6
;__Lib_MathDouble.c,942 :: 		
MulFP__fbopExit:
;__Lib_MathDouble.c,943 :: 		
0x0292	0x78064F  	MOV	[--W15], W12
;__Lib_MathDouble.c,944 :: 		
0x0294	0xBE054F  	MOV.D	[--W15], W10
;__Lib_MathDouble.c,945 :: 		
0x0296	0xBE044F  	MOV.D	[--W15], W8
;__Lib_MathDouble.c,946 :: 		
0x0298	0x060000  	RETURN
;__Lib_MathDouble.c,947 :: 		
MulFP__fbopReturnNaN:
;__Lib_MathDouble.c,948 :: 		
0x029A	0x2FFFF0  	MOV	#65535, W0
;__Lib_MathDouble.c,949 :: 		
0x029C	0x27FFF1  	MOV	#32767, W1
;__Lib_MathDouble.c,950 :: 		
0x029E	0x37FFF9  	BRA	MulFP__fbopExit
;__Lib_MathDouble.c,951 :: 		
MulFP__fpack:
;__Lib_MathDouble.c,952 :: 		
0x02A0	0x200081  	MOV	#8, W1
;__Lib_MathDouble.c,953 :: 		
0x02A2	0x558061  	SUB	W11, #1, W0
;__Lib_MathDouble.c,954 :: 		
0x02A4	0x3D000B  	BRA GE	MulFP_notsubnormal
;__Lib_MathDouble.c,955 :: 		
0x02A6	0x20000B  	MOV	#0, W11
;__Lib_MathDouble.c,956 :: 		
0x02A8	0x2FFE61  	MOV	#65510, W1
;__Lib_MathDouble.c,957 :: 		
0x02AA	0xE10001  	CP	W0, W1
;__Lib_MathDouble.c,958 :: 		
0x02AC	0x34001D  	BRA LE	MulFP_zerosig
;__Lib_MathDouble.c,959 :: 		
MulFP_subnormal1:
;__Lib_MathDouble.c,960 :: 		
0x02AE	0x718182  	IOR	W3, W2, W3
;__Lib_MathDouble.c,961 :: 		
0x02B0	0x640161  	AND	W8, #1, W2
;__Lib_MathDouble.c,962 :: 		
0x02B2	0xD10489  	LSR	W9, W9
;__Lib_MathDouble.c,963 :: 		
0x02B4	0xD38408  	RRC	W8, W8
;__Lib_MathDouble.c,964 :: 		
0x02B6	0xE80000  	INC	W0, W0
;__Lib_MathDouble.c,965 :: 		
0x02B8	0x3AFFFA  	BRA NZ	MulFP_subnormal1
;__Lib_MathDouble.c,966 :: 		
0x02BA	0x200071  	MOV	#7, W1
;__Lib_MathDouble.c,967 :: 		
MulFP_notsubnormal:
;__Lib_MathDouble.c,968 :: 		
0x02BC	0x640061  	AND	W8, #1, W0
;__Lib_MathDouble.c,969 :: 		
0x02BE	0x700003  	IOR	W0, W3, W0
;__Lib_MathDouble.c,970 :: 		
0x02C0	0x600002  	AND	W0, W2, W0
;__Lib_MathDouble.c,971 :: 		
0x02C2	0x320009  	BRA Z	MulFP_packupandgo
;__Lib_MathDouble.c,972 :: 		
0x02C4	0x440461  	ADD	W8, #1, W8
;__Lib_MathDouble.c,973 :: 		
0x02C6	0x4C84E0  	ADDC	W9, #0, W9
;__Lib_MathDouble.c,974 :: 		
0x02C8	0xA58809  	BTST.Z	W9, W1
;__Lib_MathDouble.c,975 :: 		
0x02CA	0x320005  	BRA Z	MulFP_packupandgo
;__Lib_MathDouble.c,976 :: 		
0x02CC	0xE8058B  	INC	W11, W11
;__Lib_MathDouble.c,977 :: 		
0x02CE	0xE10868  	CP	W1, #8
;__Lib_MathDouble.c,978 :: 		
0x02D0	0x3A0002  	BRA NZ	MulFP_packupandgo
;__Lib_MathDouble.c,979 :: 		
0x02D2	0xD10489  	LSR	W9, W9
;__Lib_MathDouble.c,980 :: 		
0x02D4	0xD38408  	RRC	W8, W8
;__Lib_MathDouble.c,981 :: 		
MulFP_packupandgo:
;__Lib_MathDouble.c,982 :: 		
0x02D6	0x200FF2  	MOV	#255, W2
;__Lib_MathDouble.c,983 :: 		
0x02D8	0xE15802  	CP	W11, W2
;__Lib_MathDouble.c,984 :: 		
0x02DA	0x3D0005  	BRA GE	MulFP_overflow
;__Lib_MathDouble.c,985 :: 		
0x02DC	0xDD5DC7  	SL	W11, #7, W11
;__Lib_MathDouble.c,986 :: 		
0x02DE	0xB207F9  	AND	#127, W9
;__Lib_MathDouble.c,987 :: 		
0x02E0	0x758089  	IOR	W11, W9, W1
;__Lib_MathDouble.c,988 :: 		
0x02E2	0x880008  	MOV	W8, W0
;__Lib_MathDouble.c,989 :: 		
0x02E4	0x060000  	RETURN
;__Lib_MathDouble.c,990 :: 		
MulFP_overflow:
;__Lib_MathDouble.c,991 :: 		
0x02E6	0x27F80B  	MOV	#32640, W11
;__Lib_MathDouble.c,992 :: 		
MulFP_zerosig:
;__Lib_MathDouble.c,993 :: 		
0x02E8	0x88001B  	MOV	W11, W1
;__Lib_MathDouble.c,994 :: 		
0x02EA	0x050000  	RETLW	#0, W0
;__Lib_MathDouble.c,995 :: 		
MulFP__funpack:
;__Lib_MathDouble.c,996 :: 		
0x02EC	0xDE0AC7  	LSR	W1, #7, W5
;__Lib_MathDouble.c,997 :: 		
0x02EE	0xB207F1  	AND	#127, W1
;__Lib_MathDouble.c,998 :: 		
0x02F0	0xB20FF5  	AND	#255, W5
;__Lib_MathDouble.c,999 :: 		
0x02F2	0x320008  	BRA Z	MulFP_zeroorsub
;__Lib_MathDouble.c,1000 :: 		
0x02F4	0x42CFE1  	ADD.B	W5, #1, [W15]
;__Lib_MathDouble.c,1001 :: 		
0x02F6	0x320002  	BRA Z	MulFP_nanorinf
;__Lib_MathDouble.c,1002 :: 		
MulFP_finitereturn:
;__Lib_MathDouble.c,1003 :: 		
0x02F8	0xA8E002  	BSET	W1, #7
;__Lib_MathDouble.c,1004 :: 		
0x02FA	0x050024  	RETLW	#2, W4
;__Lib_MathDouble.c,1005 :: 		
MulFP_nanorinf:
;__Lib_MathDouble.c,1006 :: 		
0x02FC	0x700F81  	IOR	W0, W1, [W15]
;__Lib_MathDouble.c,1007 :: 		
0x02FE	0x320001  	BRA Z	MulFP_infinite
;__Lib_MathDouble.c,1008 :: 		
0x0300	0x050804  	RETLW	#128, W4
;__Lib_MathDouble.c,1009 :: 		
MulFP_infinite:
;__Lib_MathDouble.c,1010 :: 		
0x0302	0x050044  	RETLW	#4, W4
;__Lib_MathDouble.c,1011 :: 		
MulFP_zeroorsub:
;__Lib_MathDouble.c,1012 :: 		
0x0304	0x700F81  	IOR	W0, W1, [W15]
;__Lib_MathDouble.c,1013 :: 		
0x0306	0x3A0002  	BRA NZ	MulFP_subnormal2
;__Lib_MathDouble.c,1014 :: 		
0x0308	0x050014  	RETLW	#1, W4
;__Lib_MathDouble.c,1015 :: 		
MulFP_normalize:
;__Lib_MathDouble.c,1016 :: 		
0x030A	0xE90285  	DEC	W5, W5
;__Lib_MathDouble.c,1017 :: 		
MulFP_subnormal2:
;__Lib_MathDouble.c,1018 :: 		
0x030C	0x400000  	ADD	W0, W0, W0
;__Lib_MathDouble.c,1019 :: 		
0x030E	0x48C081  	ADDC.B	W1, W1, W1
;__Lib_MathDouble.c,1020 :: 		
0x0310	0x3BFFFC  	BRA NN	MulFP_normalize
;__Lib_MathDouble.c,1021 :: 		
0x0312	0xA8E002  	BSET	W1, #7
;__Lib_MathDouble.c,1022 :: 		
0x0314	0x050024  	RETLW	#2, W4
;__Lib_MathDouble.c,1025 :: 		
the_end__Mul_FP:
;__Lib_MathDouble.c,1028 :: 		
L_end__Mul_FP:
0x0316	0xFA8000  	ULNK
0x0318	0x060000  	RETURN
; end of __Mul_FP
__Div_FP:
0x0524	0xFA0000  	LNK	#0
;__Lib_MathDouble.c,1050 :: 		
;__Lib_MathDouble.c,1052 :: 		
0x0526	0x070002  	RCALL	DivFP___divsf3
;__Lib_MathDouble.c,1053 :: 		
0x0528	0x000000040656  	GOTO	the_end__Div_FP
;__Lib_MathDouble.c,1056 :: 		
DivFP___divsf3:
;__Lib_MathDouble.c,1057 :: 		
0x052C	0xBE9F88  	MOV.D	W8, [W15++]
;__Lib_MathDouble.c,1058 :: 		
0x052E	0xBE9F8A  	MOV.D	W10, [W15++]
;__Lib_MathDouble.c,1059 :: 		
0x0530	0x781F8C  	MOV	W12, [W15++]
;__Lib_MathDouble.c,1060 :: 		
0x0532	0x07003E  	RCALL	DivFP__funpack2
;__Lib_MathDouble.c,1061 :: 		
0x0534	0x330045  	BRA N	DivFP__fPropagateNaN
;__Lib_MathDouble.c,1062 :: 		
0x0536	0x6C8603  	XOR	W9, W3, W12
;__Lib_MathDouble.c,1063 :: 		
0x0538	0xE15064  	CP	W10, #4
;__Lib_MathDouble.c,1064 :: 		
0x053A	0x32002E  	BRA Z	DivFP_aisinfinite
;__Lib_MathDouble.c,1065 :: 		
0x053C	0xE12064  	CP	W4, #4
;__Lib_MathDouble.c,1066 :: 		
0x053E	0x320033  	BRA Z	DivFP_returnZero
;__Lib_MathDouble.c,1067 :: 		
0x0540	0xE15061  	CP	W10, #1
;__Lib_MathDouble.c,1068 :: 		
0x0542	0x32002F  	BRA Z	DivFP_aiszero
;__Lib_MathDouble.c,1069 :: 		
0x0544	0xE12061  	CP	W4, #1
;__Lib_MathDouble.c,1070 :: 		
0x0546	0x320031  	BRA Z	DivFP_returnInf
;__Lib_MathDouble.c,1071 :: 		
DivFP_finitenonzero:
;__Lib_MathDouble.c,1072 :: 		
0x0548	0x558585  	SUB	W11, W5, W11
;__Lib_MathDouble.c,1073 :: 		
0x054A	0xB007EB  	ADD	#126, W11
;__Lib_MathDouble.c,1074 :: 		
0x054C	0x200009  	MOV	#0, W9
;__Lib_MathDouble.c,1075 :: 		
0x054E	0x200408  	MOV	#64, W8
;__Lib_MathDouble.c,1076 :: 		
0x0550	0x370005  	BRA	DivFP_diventry
;__Lib_MathDouble.c,1077 :: 		
DivFP_divnext:
;__Lib_MathDouble.c,1078 :: 		
0x0552	0x440408  	ADD	W8, W8, W8
;__Lib_MathDouble.c,1079 :: 		
0x0554	0x4C8489  	ADDC	W9, W9, W9
;__Lib_MathDouble.c,1080 :: 		
0x0556	0x31000A  	BRA C	DivFP_divdone
;__Lib_MathDouble.c,1081 :: 		
DivFP_divloop:
;__Lib_MathDouble.c,1082 :: 		
0x0558	0x430306  	ADD	W6, W6, W6
;__Lib_MathDouble.c,1083 :: 		
0x055A	0x4B8387  	ADDC	W7, W7, W7
;__Lib_MathDouble.c,1084 :: 		
DivFP_diventry:
;__Lib_MathDouble.c,1085 :: 		
0x055C	0x530100  	SUB	W6, W0, W2
;__Lib_MathDouble.c,1086 :: 		
0x055E	0x5B8181  	SUBB	W7, W1, W3
;__Lib_MathDouble.c,1087 :: 		
0x0560	0x33FFF8  	BRA N	DivFP_divnext
;__Lib_MathDouble.c,1088 :: 		
0x0562	0xBE8302  	MOV.D	W2, W6
;__Lib_MathDouble.c,1089 :: 		
0x0564	0xA80010  	BSET	W8, #0
;__Lib_MathDouble.c,1090 :: 		
0x0566	0x440408  	ADD	W8, W8, W8
;__Lib_MathDouble.c,1091 :: 		
0x0568	0x4C8489  	ADDC	W9, W9, W9
;__Lib_MathDouble.c,1092 :: 		
0x056A	0x39FFF6  	BRA NC	DivFP_divloop
;__Lib_MathDouble.c,1093 :: 		
DivFP_divdone:
;__Lib_MathDouble.c,1094 :: 		
0x056C	0xDD39C6  	SL	W7, #6, W3
;__Lib_MathDouble.c,1095 :: 		
0x056E	0x730183  	IOR	W6, W3, W3
;__Lib_MathDouble.c,1096 :: 		
0x0570	0x320001  	BRA Z	DivFP_stickyok
;__Lib_MathDouble.c,1097 :: 		
0x0572	0x200013  	MOV	#1, W3
;__Lib_MathDouble.c,1098 :: 		
DivFP_stickyok:
;__Lib_MathDouble.c,1099 :: 		
0x0574	0xD10489  	LSR	W9, W9
;__Lib_MathDouble.c,1100 :: 		
0x0576	0xD38408  	RRC	W8, W8
;__Lib_MathDouble.c,1101 :: 		
0x0578	0xA39809  	BTST.Z	W9, #9
;__Lib_MathDouble.c,1102 :: 		
0x057A	0x320005  	BRA Z	DivFP_guardused
;__Lib_MathDouble.c,1103 :: 		
0x057C	0xA70008  	BTSC	W8, #0
;__Lib_MathDouble.c,1104 :: 		
0x057E	0xA80006  	BSET	W3, #0
;__Lib_MathDouble.c,1105 :: 		
0x0580	0xD10489  	LSR	W9, W9
;__Lib_MathDouble.c,1106 :: 		
0x0582	0xD38408  	RRC	W8, W8
;__Lib_MathDouble.c,1107 :: 		
0x0584	0xE8058B  	INC	W11, W11
;__Lib_MathDouble.c,1108 :: 		
DivFP_guardused:
;__Lib_MathDouble.c,1109 :: 		
0x0586	0xD10489  	LSR	W9, W9
;__Lib_MathDouble.c,1110 :: 		
0x0588	0xD38408  	RRC	W8, W8
;__Lib_MathDouble.c,1111 :: 		
0x058A	0xEB0100  	CLR	W2
;__Lib_MathDouble.c,1112 :: 		
0x058C	0xD28102  	RLC	W2, W2
;__Lib_MathDouble.c,1113 :: 		
0x058E	0x070028  	RCALL	DivFP__fpack
;__Lib_MathDouble.c,1114 :: 		
DivFP_return0_1:
;__Lib_MathDouble.c,1115 :: 		
0x0590	0xA1F001  	BCLR	W1, #15
;__Lib_MathDouble.c,1116 :: 		
0x0592	0xA7F00C  	BTSC	W12, #15
;__Lib_MathDouble.c,1117 :: 		
0x0594	0xA8E003  	BSET	W1, #15
;__Lib_MathDouble.c,1118 :: 		
0x0596	0x37001D  	BRA	DivFP__fbopExit
;__Lib_MathDouble.c,1119 :: 		
DivFP_aisinfinite:
;__Lib_MathDouble.c,1120 :: 		
0x0598	0xE12064  	CP	W4, #4
;__Lib_MathDouble.c,1121 :: 		
0x059A	0x32001F  	BRA Z	DivFP__fbopReturnNaN
;__Lib_MathDouble.c,1122 :: 		
DivFP_return8_1:
;__Lib_MathDouble.c,1123 :: 		
0x059C	0xBE8108  	MOV.D	W8, W2
;__Lib_MathDouble.c,1124 :: 		
DivFP_return2_1:
;__Lib_MathDouble.c,1125 :: 		
0x059E	0xBE8002  	MOV.D	W2, W0
;__Lib_MathDouble.c,1126 :: 		
0x05A0	0x37FFF7  	BRA	DivFP_return0_1
;__Lib_MathDouble.c,1127 :: 		
DivFP_aiszero:
;__Lib_MathDouble.c,1128 :: 		
0x05A2	0xE12061  	CP	W4, #1
;__Lib_MathDouble.c,1129 :: 		
0x05A4	0x32001A  	BRA Z	DivFP__fbopReturnNaN
;__Lib_MathDouble.c,1130 :: 		
DivFP_returnZero:
;__Lib_MathDouble.c,1131 :: 		
0x05A6	0xB80060  	MUL.UU	W0, #0, W0
;__Lib_MathDouble.c,1132 :: 		
0x05A8	0x37FFF3  	BRA	DivFP_return0_1
;__Lib_MathDouble.c,1133 :: 		
DivFP_returnInf:
;__Lib_MathDouble.c,1134 :: 		
0x05AA	0x200000  	MOV	#0, W0
;__Lib_MathDouble.c,1135 :: 		
0x05AC	0x27F801  	MOV	#32640, W1
;__Lib_MathDouble.c,1136 :: 		
0x05AE	0x37FFF0  	BRA	DivFP_return0_1
;__Lib_MathDouble.c,1137 :: 		
DivFP__funpack2:
;__Lib_MathDouble.c,1138 :: 		
0x05B0	0xBE8400  	MOV.D	W0, W8
;__Lib_MathDouble.c,1139 :: 		
0x05B2	0x07003C  	RCALL	DivFP__funpack
;__Lib_MathDouble.c,1140 :: 		
0x05B4	0xBE8300  	MOV.D	W0, W6
;__Lib_MathDouble.c,1141 :: 		
0x05B6	0xBE8504  	MOV.D	W4, W10
;__Lib_MathDouble.c,1142 :: 		
0x05B8	0xBE8002  	MOV.D	W2, W0
;__Lib_MathDouble.c,1143 :: 		
0x05BA	0x070038  	RCALL	DivFP__funpack
;__Lib_MathDouble.c,1144 :: 		
0x05BC	0x754F84  	IOR.B	W10, W4, [W15]
;__Lib_MathDouble.c,1145 :: 		
0x05BE	0x060000  	RETURN
;__Lib_MathDouble.c,1146 :: 		
DivFP__fPropagateNaN:
;__Lib_MathDouble.c,1147 :: 		
0x05C0	0xBE8002  	MOV.D	W2, W0
;__Lib_MathDouble.c,1148 :: 		
0x05C2	0xE15064  	CP	W10, #4
;__Lib_MathDouble.c,1149 :: 		
0x05C4	0x360005  	BRA LEU	DivFP_return0
;__Lib_MathDouble.c,1150 :: 		
0x05C6	0xE12064  	CP	W4, #4
;__Lib_MathDouble.c,1151 :: 		
0x05C8	0x360002  	BRA LEU	DivFP_return8
;__Lib_MathDouble.c,1152 :: 		
0x05CA	0xA36809  	BTST.Z	W9, #6
;__Lib_MathDouble.c,1153 :: 		
0x05CC	0x3A0001  	BRA NZ	DivFP_return0
;__Lib_MathDouble.c,1154 :: 		
DivFP_return8:
;__Lib_MathDouble.c,1155 :: 		
0x05CE	0xBE8008  	MOV.D	W8, W0
;__Lib_MathDouble.c,1156 :: 		
DivFP_return0:
;__Lib_MathDouble.c,1157 :: 		
0x05D0	0xA8C002  	BSET	W1, #6
;__Lib_MathDouble.c,1158 :: 		
DivFP__fbopExit:
;__Lib_MathDouble.c,1159 :: 		
0x05D2	0x78064F  	MOV	[--W15], W12
;__Lib_MathDouble.c,1160 :: 		
0x05D4	0xBE054F  	MOV.D	[--W15], W10
;__Lib_MathDouble.c,1161 :: 		
0x05D6	0xBE044F  	MOV.D	[--W15], W8
;__Lib_MathDouble.c,1162 :: 		
0x05D8	0x060000  	RETURN
;__Lib_MathDouble.c,1163 :: 		
DivFP__fbopReturnNaN:
;__Lib_MathDouble.c,1164 :: 		
0x05DA	0x2FFFF0  	MOV	#65535, W0
;__Lib_MathDouble.c,1165 :: 		
0x05DC	0x27FFF1  	MOV	#32767, W1
;__Lib_MathDouble.c,1166 :: 		
0x05DE	0x37FFF9  	BRA	DivFP__fbopExit
;__Lib_MathDouble.c,1167 :: 		
DivFP__fpack:
;__Lib_MathDouble.c,1168 :: 		
0x05E0	0x200081  	MOV	#8, W1
;__Lib_MathDouble.c,1169 :: 		
0x05E2	0x558061  	SUB	W11, #1, W0
;__Lib_MathDouble.c,1170 :: 		
0x05E4	0x3D000B  	BRA GE	DivFP_notsubnormal
;__Lib_MathDouble.c,1171 :: 		
0x05E6	0x20000B  	MOV	#0, W11
;__Lib_MathDouble.c,1172 :: 		
0x05E8	0x2FFE61  	MOV	#65510, W1
;__Lib_MathDouble.c,1173 :: 		
0x05EA	0xE10001  	CP	W0, W1
;__Lib_MathDouble.c,1174 :: 		
0x05EC	0x34001D  	BRA LE	DivFP_zerosig
;__Lib_MathDouble.c,1175 :: 		
DivFP_subnormal:
;__Lib_MathDouble.c,1176 :: 		
0x05EE	0x718182  	IOR	W3, W2, W3
;__Lib_MathDouble.c,1177 :: 		
0x05F0	0x640161  	AND	W8, #1, W2
;__Lib_MathDouble.c,1178 :: 		
0x05F2	0xD10489  	LSR	W9, W9
;__Lib_MathDouble.c,1179 :: 		
0x05F4	0xD38408  	RRC	W8, W8
;__Lib_MathDouble.c,1180 :: 		
0x05F6	0xE80000  	INC	W0, W0
;__Lib_MathDouble.c,1181 :: 		
0x05F8	0x3AFFFA  	BRA NZ	DivFP_subnormal
;__Lib_MathDouble.c,1182 :: 		
0x05FA	0x200071  	MOV	#7, W1
;__Lib_MathDouble.c,1183 :: 		
DivFP_notsubnormal:
;__Lib_MathDouble.c,1184 :: 		
0x05FC	0x640061  	AND	W8, #1, W0
;__Lib_MathDouble.c,1185 :: 		
0x05FE	0x700003  	IOR	W0, W3, W0
;__Lib_MathDouble.c,1186 :: 		
0x0600	0x600002  	AND	W0, W2, W0
;__Lib_MathDouble.c,1187 :: 		
0x0602	0x320009  	BRA Z	DivFP_packupandgo
;__Lib_MathDouble.c,1188 :: 		
0x0604	0x440461  	ADD	W8, #1, W8
;__Lib_MathDouble.c,1189 :: 		
0x0606	0x4C84E0  	ADDC	W9, #0, W9
;__Lib_MathDouble.c,1190 :: 		
0x0608	0xA58809  	BTST.Z	W9, W1
;__Lib_MathDouble.c,1191 :: 		
0x060A	0x320005  	BRA Z	DivFP_packupandgo
;__Lib_MathDouble.c,1192 :: 		
0x060C	0xE8058B  	INC	W11, W11
;__Lib_MathDouble.c,1193 :: 		
0x060E	0xE10868  	CP	W1, #8
;__Lib_MathDouble.c,1194 :: 		
0x0610	0x3A0002  	BRA NZ	DivFP_packupandgo
;__Lib_MathDouble.c,1195 :: 		
0x0612	0xD10489  	LSR	W9, W9
;__Lib_MathDouble.c,1196 :: 		
0x0614	0xD38408  	RRC	W8, W8
;__Lib_MathDouble.c,1197 :: 		
DivFP_packupandgo:
;__Lib_MathDouble.c,1198 :: 		
0x0616	0x200FF2  	MOV	#255, W2
;__Lib_MathDouble.c,1199 :: 		
0x0618	0xE15802  	CP	W11, W2
;__Lib_MathDouble.c,1200 :: 		
0x061A	0x3D0005  	BRA GE	DivFP_overfloW
;__Lib_MathDouble.c,1201 :: 		
0x061C	0xDD5DC7  	SL	W11, #7, W11
;__Lib_MathDouble.c,1202 :: 		
0x061E	0xB207F9  	AND	#127, W9
;__Lib_MathDouble.c,1203 :: 		
0x0620	0x758089  	IOR	W11, W9, W1
;__Lib_MathDouble.c,1204 :: 		
0x0622	0x880008  	MOV	W8, W0
;__Lib_MathDouble.c,1205 :: 		
0x0624	0x060000  	RETURN
;__Lib_MathDouble.c,1206 :: 		
DivFP_overfloW:
;__Lib_MathDouble.c,1207 :: 		
0x0626	0x27F80B  	MOV	#32640, W11
;__Lib_MathDouble.c,1208 :: 		
DivFP_zerosig:
;__Lib_MathDouble.c,1209 :: 		
0x0628	0x88001B  	MOV	W11, W1
;__Lib_MathDouble.c,1210 :: 		
0x062A	0x050000  	RETLW	#0, W0
;__Lib_MathDouble.c,1211 :: 		
DivFP__funpack:
;__Lib_MathDouble.c,1212 :: 		
0x062C	0xDE0AC7  	LSR	W1, #7, W5
;__Lib_MathDouble.c,1213 :: 		
0x062E	0xB207F1  	AND	#127, W1
;__Lib_MathDouble.c,1214 :: 		
0x0630	0xB20FF5  	AND	#255, W5
;__Lib_MathDouble.c,1215 :: 		
0x0632	0x320008  	BRA Z	DivFP_zeroorsub
;__Lib_MathDouble.c,1216 :: 		
0x0634	0x42CFE1  	ADD.B	W5, #1, [W15]
;__Lib_MathDouble.c,1217 :: 		
0x0636	0x320002  	BRA Z	DivFP_nanorinf
;__Lib_MathDouble.c,1218 :: 		
DivFP_finitereturn:
;__Lib_MathDouble.c,1219 :: 		
0x0638	0xA8E002  	BSET	W1, #7
;__Lib_MathDouble.c,1220 :: 		
0x063A	0x050024  	RETLW	#2, W4
;__Lib_MathDouble.c,1221 :: 		
DivFP_nanorinf:
;__Lib_MathDouble.c,1222 :: 		
0x063C	0x700F81  	IOR	W0, W1, [W15]
;__Lib_MathDouble.c,1223 :: 		
0x063E	0x320001  	BRA Z	DivFP_infinite
;__Lib_MathDouble.c,1224 :: 		
0x0640	0x050804  	RETLW	#128, W4
;__Lib_MathDouble.c,1225 :: 		
DivFP_infinite:
;__Lib_MathDouble.c,1226 :: 		
0x0642	0x050044  	RETLW	#4, W4
;__Lib_MathDouble.c,1227 :: 		
DivFP_zeroorsub:
;__Lib_MathDouble.c,1228 :: 		
0x0644	0x700F81  	IOR	W0, W1, [W15]
;__Lib_MathDouble.c,1229 :: 		
0x0646	0x3A0002  	BRA NZ	DivFP_subnormal2
;__Lib_MathDouble.c,1230 :: 		
0x0648	0x050014  	RETLW	#1, W4
;__Lib_MathDouble.c,1231 :: 		
DivFP_normalize:
;__Lib_MathDouble.c,1232 :: 		
0x064A	0xE90285  	DEC	W5, W5
;__Lib_MathDouble.c,1233 :: 		
DivFP_subnormal2:
;__Lib_MathDouble.c,1234 :: 		
0x064C	0x400000  	ADD	W0, W0, W0
;__Lib_MathDouble.c,1235 :: 		
0x064E	0x48C081  	ADDC.B	W1, W1, W1
;__Lib_MathDouble.c,1236 :: 		
0x0650	0x3BFFFC  	BRA NN	DivFP_normalize
;__Lib_MathDouble.c,1237 :: 		
0x0652	0xA8E002  	BSET	W1, #7
;__Lib_MathDouble.c,1238 :: 		
0x0654	0x050024  	RETLW	#2, W4
;__Lib_MathDouble.c,1241 :: 		
the_end__Div_FP:
;__Lib_MathDouble.c,1243 :: 		
L_end__Div_FP:
0x0656	0xFA8000  	ULNK
0x0658	0x060000  	RETURN
; end of __Div_FP
_SPI1_Write:
0x07FA	0xFA0000  	LNK	#0
;__Lib_SPI_1.c,121 :: 		
;__Lib_SPI_1.c,122 :: 		
0x07FC	0x07FE87  	RCALL	_SPI1_Read
;__Lib_SPI_1.c,132 :: 		
L_end_SPI1_Write:
0x07FE	0xFA8000  	ULNK
0x0800	0x060000  	RETURN
; end of _SPI1_Write
_SPI1_Read:
0x050C	0xFA0000  	LNK	#0
;__Lib_SPI_1.c,107 :: 		
;__Lib_SPI_1.c,109 :: 		
0x050E	0xA9C240  	BCLR	SPI1STAT, #6
;__Lib_SPI_1.c,111 :: 		
L_SPI1_Read0:
0x0510	0xAE2240  	BTSS	SPI1STAT, #1
0x0512	0x370001  	BRA	L_SPI1_Read1
0x0514	0x37FFFD  	BRA	L_SPI1_Read0
L_SPI1_Read1:
;__Lib_SPI_1.c,112 :: 		
0x0516	0x88124A  	MOV	W10, SPI1BUF
;__Lib_SPI_1.c,113 :: 		
L_SPI1_Read2:
0x0518	0xAF0240  	BTSC	SPI1STAT, #0
0x051A	0x370001  	BRA	L_SPI1_Read3
0x051C	0x37FFFD  	BRA	L_SPI1_Read2
L_SPI1_Read3:
;__Lib_SPI_1.c,115 :: 		
0x051E	0xBF8248  	MOV	SPI1BUF, WREG
;__Lib_SPI_1.c,119 :: 		
L_end_SPI1_Read:
0x0520	0xFA8000  	ULNK
0x0522	0x060000  	RETURN
; end of _SPI1_Read
0x0AAA	0x208001  	MOV	#lo_addr(_frecuenciamuestreo), W1
0x0AAC	0x28AA00  	MOV	#35488, W0
0x0AAE	0x090001  	REPEAT	#1
0x0AB0	0x7818B0  	MOV	[W0++], [W1++]
0x0AB2	0x7858B0  	MOV.B	[W0++], [W1++]
0x0AB4	0x208061  	MOV	#lo_addr(_frecuencia), W1
0x0AB6	0x28AA60  	MOV	#35494, W0
0x0AB8	0x090001  	REPEAT	#1
0x0ABA	0x7818B0  	MOV	[W0++], [W1++]
0x0ABC	0x208051  	MOV	#lo_addr(_bandera), W1
0x0ABE	0x28AA50  	MOV	#35493, W0
0x0AC0	0x7858B0  	MOV.B	[W0++], [W1++]
0x0AC2	0x060000  	RETURN
_Timer1Interrupt:
0x0986	0xF80034  	PUSH	PSVPAG
0x0988	0xF80036  	PUSH	RCOUNT
0x098A	0x781F80  	PUSH	W0
0x098C	0x200020  	MOV	#2, W0
0x098E	0x09000C  	REPEAT	#12
0x0990	0x781FB0  	PUSH	[W0++]
;SenoDSPIC.c,55 :: 		void Timer1Interrupt() iv IVT_ADDR_T1INTERRUPT{
;SenoDSPIC.c,56 :: 		T1IF_bit	 = 0;
0x0992	0xA96084  	BCLR	T1IF_bit, BitPos(T1IF_bit+0)
;SenoDSPIC.c,58 :: 		bandera = 1;
0x0994	0x208051  	MOV	#lo_addr(_bandera), W1
0x0996	0xB3C010  	MOV.B	#1, W0
0x0998	0x784880  	MOV.B	W0, [W1]
;SenoDSPIC.c,59 :: 		}
L_end_Timer1Interrupt:
0x099A	0x2001A0  	MOV	#26, W0
0x099C	0x09000C  	REPEAT	#12
0x099E	0x78104F  	POP	[W0--]
0x09A0	0x78004F  	POP	W0
0x09A2	0xF90036  	POP	RCOUNT
0x09A4	0xF90034  	POP	PSVPAG
0x09A6	0x064000  	RETFIE
; end of _Timer1Interrupt
;__Lib_CMath.c,260 :: sin_coeff_a_L0 [20]
0x0A7C	0xF3EC ;sin_coeff_a_L0+0
0x0A7E	0x484A ;sin_coeff_a_L0+2
0x0A80	0x9535 ;sin_coeff_a_L0+4
0x0A82	0xC795 ;sin_coeff_a_L0+6
0x0A84	0xC117 ;sin_coeff_a_L0+8
0x0A86	0x45DC ;sin_coeff_a_L0+10
0x0A88	0xDBFD ;sin_coeff_a_L0+12
0x0A8A	0xC36D ;sin_coeff_a_L0+14
0x0A8C	0xB372 ;sin_coeff_a_L0+16
0x0A8E	0x4033 ;sin_coeff_a_L0+18
; end of sin_coeff_a_L0
;__Lib_CMath.c,267 :: sin_coeff_b_L0 [16]
0x0A90	0x342B ;sin_coeff_b_L0+0
0x0A92	0x4801 ;sin_coeff_b_L0+2
0x0A94	0x9D7F ;sin_coeff_b_L0+4
0x0A96	0x45B0 ;sin_coeff_b_L0+6
0x0A98	0xFFE7 ;sin_coeff_b_L0+8
0x0A9A	0x42D9 ;sin_coeff_b_L0+10
0x0A9C	0x0000 ;sin_coeff_b_L0+12
0x0A9E	0x3F80 ;sin_coeff_b_L0+14
; end of sin_coeff_b_L0
;SenoDSPIC.c,0 :: ?ICS_frecuenciamuestreo [4]
0x0AA0	0x4000 ;?ICS_frecuenciamuestreo+0
0x0AA2	0x461C ;?ICS_frecuenciamuestreo+2
; end of ?ICS_frecuenciamuestreo
;,0 :: _initBlock_3 [2]
; Containing: ?ICS_indice [1]
;             ?ICS_bandera [1]
0x0AA4	0x0000 ;_initBlock_3+0 : ?ICS_indice at 0x0AA4 : ?ICS_bandera at 0x0AA5
; end of _initBlock_3
;SenoDSPIC.c,0 :: ?ICS_frecuencia [4]
0x0AA6	0x0000 ;?ICS_frecuencia+0
0x0AA8	0x4270 ;?ICS_frecuencia+2
; end of ?ICS_frecuencia
Symbol List:
//** Routines locations **
//ADDRESS    SIZE    PROCEDURE
//----------------------------------------------
0x0200     [282]    __Mul_FP
0x031A     [364]    __AddSub_FP
0x0486     [114]    __Compare_Fp
0x04F8      [10]    __Sub_FP
0x0502      [10]    __Compare_Le_Fp
0x050C      [24]    _SPI1_Read
0x0524     [310]    __Div_FP
0x065A      [58]    __Lib_CMath_eval_poly
0x0694     [120]    __Float2Longint
0x070C     [182]    __Long2Float
0x07C2      [10]    __Compare_Ge_Fp
0x07CC      [46]    _SPI1_Init_Advanced
0x07FA       [8]    _SPI1_Write
0x0802      [20]    _config_timer
0x0816     [258]    _sin
0x0918     [110]    _floor
0x0986      [34]    _Timer1Interrupt
0x09A8     [212]    _main
//** Variables locations ** 
//ADDRESS    SIZE    VARIABLE
//----------------------------------------------
0x02CC       [0]    LATB13_bit
0x02CC       [0]    loadPin
0x02CC       [2]    LATB
0x080A       [4]    _frecuenciadigital
0x02C8       [0]    csPinDir
0x02C8       [0]    TRISB13_bit
0x02C8       [0]    TRISB12_bit
0x02CC       [0]    LATB12_bit
0x02CC       [0]    csPin
0x0248       [2]    SPI1BUF
0x0240       [2]    SPI1STAT
0x0242       [2]    SPI1CON
0x080E       [2]    _SPI_Wr_Ptr
0x0810       [2]    _SPI_Rd_Ptr
0x0812       [2]    _y
0x0814       [2]    _muestra
0x02C8       [0]    loadPinDir
0x02C8       [0]    TRISB3_bit
0x02CC       [0]    LATB2_bit
0x02C8       [0]    TRISB2_bit
0x02C8       [0]    TRISB5_bit
0x02C8       [0]    TRISB4_bit
0x02CC       [0]    LATB7_bit
0x02CC       [0]    LATB3_bit
0x02CC       [0]    LATB6_bit
0x02CC       [0]    LATB4_bit
0x02CC       [0]    LATB5_bit
0x0102       [2]    PR1
0x00A4       [2]    IPC0
0x02C0       [2]    TRISA
0x06CA       [2]    RPOR5
0x02C8       [2]    TRISB
0x02C8       [0]    TRISB7_bit
0x02C8       [0]    TRISB6_bit
0x0104       [2]    T1CON
0x0084       [0]    T1IF_bit
0x0094       [0]    T1IE_bit
0x0800       [4]    _frecuenciamuestreo
0x0804       [1]    _indice
0x0806       [4]    _frecuencia
0x0805       [1]    _bandera
0x00A4       [2]    IPC0
0x0102       [2]    PR1
0x0104       [2]    T1CON
0x0240       [2]    SPI1STAT
0x0242       [2]    SPI1CON
0x0248       [2]    SPI1BUF
0x02C0       [2]    TRISA
0x02C8       [2]    TRISB
0x02CC       [2]    LATB
0x0014       [2]    FARG_SPI1_Read_buffer
0x0014       [4]    FARG___Lib_CMath_eval_poly_x
0x0018       [2]    FARG___Lib_CMath_eval_poly_d
0x001A       [2]    FARG___Lib_CMath_eval_poly_n
0x06CA       [2]    RPOR5
0x0014       [2]    FARG_SPI1_Init_Advanced_master_mode
0x0016       [2]    FARG_SPI1_Init_Advanced_mode16
0x0018       [2]    FARG_SPI1_Init_Advanced_sec_prescaler
0x001A       [2]    FARG_SPI1_Init_Advanced_pri_prescaler
0x0014       [2]    FARG_SPI1_Write_data_out
0x0014       [4]    FARG_sin_f
0x0014       [4]    FARG_floor_x
//** Constants locations ** 
//ADDRESS    SIZE    CONSTANT
//----------------------------------------------
0x0A7C      [20]    sin_coeff_a_L0
0x0A90      [16]    sin_coeff_b_L0
0x0AA0       [4]    ?ICS_frecuenciamuestreo
0x0AA4       [1]    ?ICS_indice
0x0AA5       [1]    ?ICS_bandera
0x0AA6       [4]    ?ICS_frecuencia
//** Label List: ** 
//----------------------------------------------
  L_main0
  L_main1
  L_main2
  L_main3
  L_main4
  L_main5
  L_end_config_timer
  _config_timer
  L_end_Timer1Interrupt
  _Timer1Interrupt
  L_end_main
  _main
  L__main10
  L__main11
  L__main_end_loop
  L_fabs0
  L_floor1
  L_floor2
  L_floor3
  L_floor4
  L_floor5
  L_ceil6
  L_ceil7
  L_ceil8
  L_ceil9
  L_ceil10
  L_ldexp11
  L_ldexp12
  L_ldexp13
  L_ldexp14
  L_ldexp15
  L_ldexp16
  L___Lib_CMath_eval_poly17
  L___Lib_CMath_eval_poly18
  L_modf19
  L_modf20
  L_modf21
  L_modf22
  L_modf23
  L_modf24
  L_modf25
  L_modf26
  L_sqrt27
  L_sqrt28
  L_sqrt29
  L_sqrt30
  L_sqrt31
  L_sqrt32
  L_sqrt33
  L_atan34
  L_atan35
  L_atan36
  L_atan37
  L_atan38
  L_asin39
  L_asin40
  L_asin41
  L_atan242
  L_atan243
  L_atan244
  L_atan245
  L_atan246
  L_atan247
  L_sin48
  L_sin49
  L_sin50
  L_sin51
  L_cos52
  L_exp53
  L_exp54
  L_exp55
  L_exp56
  L_exp57
  L_exp58
  L_log59
  L_pow60
  L_pow61
  L_pow62
  L_pow63
  L_pow64
  L__modf65
  L__modf66
  L__modf67
  L__modf68
  L__modf69
  L__atan270
  L_end_fabs
  _fabs
  L__fabs72
  L__fabs73
  L_end_floor
  _floor
  L__floor75
  L__floor76
  L__floor77
  L__floor78
  L__floor79
  L__floor80
  L_end_ceil
  _ceil
  L__ceil82
  L__ceil83
  L__ceil84
  L__ceil85
  L__ceil86
  L__ceil87
  L_end_frexp
  _frexp
  L_end_ldexp
  _ldexp
  L__ldexp90
  L__ldexp91
  L__ldexp92
  L__ldexp93
  L_end_eval_poly
  __Lib_CMath_eval_poly
  L___Lib_CMath_eval_poly95
  L_end_modf
  _modf
  L__modf97
  L__modf98
  L__modf99
  L__modf100
  L__modf101
  L__modf102
  L__modf103
  L__modf104
  L__modf105
  L__modf106
  L_end_sqrt
  _sqrt
  L__sqrt108
  L__sqrt109
  L__sqrt110
  L__sqrt111
  L__sqrt112
  L__sqrt113
  L__sqrt114
  L__sqrt115
  L__sqrt116
  L_end_atan
  _atan
  L__atan118
  L__atan119
  L__atan120
  L__atan121
  L__atan122
  L__atan123
  L__atan124
  L_end_asin
  _asin
  L__asin126
  L__asin127
  L__asin128
  L__asin129
  L__asin130
  L__asin131
  L_end_acos
  _acos
  L_end_atan2
  _atan2
  L__atan2134
  L__atan2135
  L__atan2136
  L__atan2137
  L__atan2138
  L__atan2139
  L__atan2140
  L__atan2141
  L_end_sin
  _sin
  L__sin143
  L__sin144
  L__sin145
  L__sin146
  L__sin147
  L__sin148
  L__sin149
  L__sin150
  L_end_cos
  _cos
  L__cos152
  L__cos153
  L_end_tan
  _tan
  L_end_exp
  _exp
  L__exp156
  L__exp157
  L__exp158
  L__exp159
  L__exp160
  L__exp161
  L__exp162
  L__exp163
  L__exp164
  L__exp165
  L__exp166
  L_end_log
  _log
  L__log168
  L__log169
  L_end_log10
  _log10
  L_end_pow
  _pow
  L__pow172
  L__pow173
  L__pow174
  L__pow175
  L__pow176
  L__pow177
  L__pow178
  L__pow179
  L__pow180
  L_end_sinh
  _sinh
  L_end_cosh
  _cosh
  L_end_tanh
  _tanh
  Float__fpack
  the_end_Float__fpack
  Float_notsubnormal
  Float_zerosig
  Float_subnormal
  Float_packupandgo
  Float_overflow
  LL_intro_Long2Float
  the_end__Long2Float
  Longint2Float__floatsisf
  Longword2Float__floatuisf
  Long2Float_notspecial
  Long2Float_return0
  Longint2Float_negative
  Long2Float_fixshift
  Long2Float_round
  Long2Float_shiftleft
  Long2Float_shiftright
  Long2Float__fpack
  Long2Float_notsubnormal
  Long2Float_zerosig
  Long2Float_subnormal
  Long2Float_packupandgo
  Long2Float_overflow
  Longlong2Float_floatdisf
  the_end__LongLong2Float
  Longlong2Float_negative
  Longlong2Float_notspecial
  Longlong2Float_return0
  Longlong2Float_fixshift
  Longlong2Float_round
  Longlong2Float_shiftleft
  Longlong2Float_shiftright
  Float2Longword_fixunssfsi
  the_end__Float2Longword
  Float2Longword_funpack
  Float2Longword_returnzero
  Float2Longword_exit
  Float2Longword_shiftright
  Float2Longword_shiftleft
  Float2Longword_shiftrightloop
  Float2Longword_zeroorsub
  Float2Longword_nanorinf
  Float2Longword_finitereturn
  Float2Longword_infinite
  Float2Longword_subnormal
  Float2Longword_normalize
  Float2Longint__fixsfsi
  the_end__Float2Longint
  Float2Longint__funpack
  Float2Longint_setsign
  Float2Longint_shiftright
  Float2Longint_shiftleft
  Float2Longint_exit
  Float2Longint_shiftrightloop
  Float2Longint_zeroorsub
  Float2Longint_nanorinf
  Float2Longint_finitereturn
  Float2Longint_infinite
  Float2Longint_subnormal
  Float2Longint_normalize
  AddSubFP__addsf3
  the_end__AddSub_FP
  AddSubFP__funpack2
  AddSubFP__fPropagateNaN
  AddSubFP_aisinfinite
  AddSubFP_checkspecialb
  AddSubFP_return2_3
  AddSubFP_getsign
  AddSubFP_gotsign
  AddSubFP_expcanonical
  AddSubFP_nonegate
  AddSubFP_aligniter
  AddSubFP_signoff
  AddSubFP_align
  AddSubFP_aligned
  AddSubFP_normalizesum
  AddSubFP_checknormal
  AddSubFP_round
  AddSubFP_discardguard
  AddSubFP_underflow
  AddSubFP_normalizeloop
  AddSubFP_normalizeexit
  AddSubFP_normalizetest
  AddSubFP__fpack
  AddSubFP__fbopExit
  AddSubFP_return8_3
  AddSubFP__fbopReturnNaN
  AddSubFP__funpack
  AddSubFP_return0_1
  AddSubFP_return8_1
  AddSubFP_notsubnormal_1
  AddSubFP_zerosig
  AddSubFP_subnormal_1
  AddSubFP_packupandgo
  AddSubFP_overflow
  AddSubFP_zeroorsub
  AddSubFP_nanorinf
  AddSubFP_finitereturn
  AddSubFP_infinite
  AddSubFP_subnormal_2
  AddSubFP_normalize
  MulFP___mulsf3
  the_end__Mul_FP
  MulFP__funpack2
  MulFP__fPropagateNaN
  MulFP_aisinfinite
  MulFP_bisinfinite
  MulFP_return8_1
  MulFP_return2_1
  MulFP_formsticky
  MulFP_formRandSig
  MulFP__fpack
  MulFP_return0_1
  MulFP__fbopExit
  MulFP__fbopReturnNaN
  MulFP__funpack
  MulFP_return0_2
  MulFP_return8_2
  MulFP_notsubnormal
  MulFP_zerosig
  MulFP_subnormal1
  MulFP_packupandgo
  MulFP_overflow
  MulFP_zeroorsub
  MulFP_nanorinf
  MulFP_finitereturn
  MulFP_infinite
  MulFP_subnormal2
  MulFP_normalize
  DivFP___divsf3
  the_end__Div_FP
  DivFP__funpack2
  DivFP__fPropagateNaN
  DivFP_aisinfinite
  DivFP_returnZero
  DivFP_aiszero
  DivFP_returnInf
  DivFP_finitenonzero
  DivFP_diventry
  DivFP_divnext
  DivFP_divdone
  DivFP_divloop
  DivFP_stickyok
  DivFP_guardused
  DivFP__fpack
  DivFP_return0_1
  DivFP__fbopExit
  DivFP__fbopReturnNaN
  DivFP_return8_1
  DivFP_return2_1
  DivFP__funpack
  DivFP_return0
  DivFP_return8
  DivFP_notsubnormal
  DivFP_zerosig
  DivFP_subnormal
  DivFP_packupandgo
  DivFP_overfloW
  DivFP_zeroorsub
  DivFP_nanorinf
  DivFP_finitereturn
  DivFP_infinite
  DivFP_subnormal2
  DivFP_normalize
  CompareFp__fcompare
  the_end__Compare_Fp
  CompareFp__funpack2
  CompareFp_exit
  CompareFp_comparemag
  CompareFp_returnEqual
  CompareFp_adjust
  CompareFp__funpack
  CompareFp_zeroorsub
  CompareFp_nanorinf
  CompareFp_finitereturn
  CompareFp_infinite
  CompareFp_subnormal
  CompareFp_normalize
  L_end_Float_fpack
  _Float_fpack
  L_end__Long2Float
  __Long2Float
  L_end__LongLong2Float
  __LongLong2Float
  L_end__Float2Longword
  __Float2Longword
  L_end__Float2Longint
  __Float2Longint
  L_end__AddSub_FP
  __AddSub_FP
  L_end__Sub_FP
  __Sub_FP
  L_end__Mul_FP
  __Mul_FP
  L_end__Div_FP
  __Div_FP
  L_end__Compare_Fp
  __Compare_Fp
  L_end__Compare_Le_Fp
  __Compare_Le_Fp
  L_end__Compare_Ge_Fp
  __Compare_Ge_Fp
  L_SPI1_Read0
  L_SPI1_Read1
  L_SPI1_Read2
  L_SPI1_Read3
  L_end_SPI1_Read
  _SPI1_Read
  L_end_SPI1_Write
  _SPI1_Write
  L_end_SPI1_Init_Advanced
  _SPI1_Init_Advanced
  L_end_SPI1_Init
  _SPI1_Init
  L_end_SPI_Set_Active
  _SPI_Set_Active
  L_end_SPI_Read
  _SPI_Read
  L_end_SPI_Write
  _SPI_Write
  L_main0
  L_main1
  L_main2
  L_main3
  L_main4
  L_main5
  L_end_config_timer
  _config_timer
  L_end_Timer1Interrupt
  _Timer1Interrupt
  L_end_main
  _main
  L__main10
  L__main11
  L__main_end_loop
